#
# There is insufficient memory for the Java Runtime Environment to continue.
# Native memory allocation (malloc) failed to allocate 131088 bytes for Chunk::new
# Possible reasons:
#   The system is out of physical RAM or swap space
#   The process is running with CompressedOops enabled, and the Java Heap may be blocking the growth of the native heap
# Possible solutions:
#   Reduce memory load on the system
#   Increase physical memory or swap space
#   Check if swap backing store is full
#   Decrease Java heap size (-Xmx/-Xms)
#   Decrease number of Java threads
#   Decrease Java thread stack sizes (-Xss)
#   Set larger code cache with -XX:ReservedCodeCacheSize=
#   JVM is running with Unscaled Compressed Oops mode in which the Java heap is
#     placed in the first 4GB address space. The Java Heap base address is the
#     maximum limit for the native heap growth. Please use -XX:HeapBaseMinAddress
#     to set the Java Heap base and to place the Java Heap above 4GB virtual address.
# This output file may be truncated or incomplete.
#
#  Out of Memory Error (arena.cpp:189), pid=18120, tid=16068
#
# JRE version: Java(TM) SE Runtime Environment (17.0.15+9) (build 17.0.15+9-LTS-241)
# Java VM: Java HotSpot(TM) 64-Bit Server VM (17.0.15+9-LTS-241, mixed mode, sharing, tiered, compressed oops, compressed class ptrs, g1 gc, windows-amd64)
# No core dump will be written. Minidumps are not enabled by default on client versions of Windows
#

---------------  S U M M A R Y ------------

Command Line: --module-path=E:\cloud-load-balancer\gui-app\target\classes;C:\Users\hp\.m2\repository\org\openjfx\javafx-base\21\javafx-base-21-win.jar;C:\Users\hp\.m2\repository\org\openjfx\javafx-controls\21\javafx-controls-21-win.jar;C:\Users\hp\.m2\repository\org\openjfx\javafx-fxml\21\javafx-fxml-21-win.jar;C:\Users\hp\.m2\repository\org\openjfx\javafx-graphics\21\javafx-graphics-21-win.jar --add-modules=com.gui.app -Djdk.module.main=com.gui.app com.gui.app/com.gui.app.App

Host: Intel(R) Core(TM) i3-7020U CPU @ 2.30GHz, 4 cores, 7G,  Windows 10 , 64 bit Build 19041 (10.0.19041.5915)
Time: Wed Jul 23 19:41:29 2025 India Standard Time elapsed time: 583.158206 seconds (0d 0h 9m 43s)

---------------  T H R E A D  ---------------

Current thread (0x0000022b7fc57b40):  JavaThread "C2 CompilerThread0" daemon [_thread_in_native, id=16068, stack(0x00000086fe000000,0x00000086fe100000)]


Current CompileTask:
C2: 583158 4304 %     4       com.sun.javafx.css.SelectorPartitioning::match @ 544 (696 bytes)

Stack: [0x00000086fe000000,0x00000086fe100000]
Native frames: (J=compiled Java code, j=interpreted, Vv=VM code, C=native code)
V  [jvm.dll+0x67a46a]
V  [jvm.dll+0x7da6ad]
V  [jvm.dll+0x7dbff3]
V  [jvm.dll+0x7dc663]
V  [jvm.dll+0x24523f]
V  [jvm.dll+0xab763]
V  [jvm.dll+0xabd2c]
V  [jvm.dll+0xab874]
V  [jvm.dll+0x69f8b5]
V  [jvm.dll+0x1a6d43]
V  [jvm.dll+0x69ddc9]
V  [jvm.dll+0x606d25]
V  [jvm.dll+0x216810]
V  [jvm.dll+0x215e1f]
V  [jvm.dll+0x1a2a00]
V  [jvm.dll+0x2262bb]
V  [jvm.dll+0x22445b]
V  [jvm.dll+0x790acc]
V  [jvm.dll+0x78b0ba]
V  [jvm.dll+0x679355]
C  [ucrtbase.dll+0x21bb2]
C  [KERNEL32.DLL+0x17374]
C  [ntdll.dll+0x4cc91]


---------------  P R O C E S S  ---------------

Threads class SMR info:
_java_thread_list=0x0000022b62003600, length=19, elements={
0x0000022b7cb1bee0, 0x0000022b7fc3e000, 0x0000022b7fc3ee70, 0x0000022b7fc53c90,
0x0000022b7fc55a50, 0x0000022b7fc56400, 0x0000022b7fc56db0, 0x0000022b7fc57b40,
0x0000022b7fc63af0, 0x0000022b7fcd7450, 0x0000022b7fc273e0, 0x0000022b622994a0,
0x0000022b1c9de660, 0x0000022b625436e0, 0x0000022b62552d80, 0x0000022b627fea50,
0x0000022b625e4330, 0x0000022b67a08900, 0x0000022b6a2b1250
}

Java Threads: ( => current thread )
  0x0000022b7cb1bee0 JavaThread "main" [_thread_blocked, id=8060, stack(0x00000086fd200000,0x00000086fd300000)]
  0x0000022b7fc3e000 JavaThread "Reference Handler" daemon [_thread_blocked, id=12040, stack(0x00000086fd900000,0x00000086fda00000)]
  0x0000022b7fc3ee70 JavaThread "Finalizer" daemon [_thread_blocked, id=10996, stack(0x00000086fda00000,0x00000086fdb00000)]
  0x0000022b7fc53c90 JavaThread "Signal Dispatcher" daemon [_thread_blocked, id=14068, stack(0x00000086fdc00000,0x00000086fdd00000)]
  0x0000022b7fc55a50 JavaThread "Attach Listener" daemon [_thread_blocked, id=5976, stack(0x00000086fdd00000,0x00000086fde00000)]
  0x0000022b7fc56400 JavaThread "Service Thread" daemon [_thread_blocked, id=19320, stack(0x00000086fde00000,0x00000086fdf00000)]
  0x0000022b7fc56db0 JavaThread "Monitor Deflation Thread" daemon [_thread_blocked, id=2644, stack(0x00000086fdf00000,0x00000086fe000000)]
=>0x0000022b7fc57b40 JavaThread "C2 CompilerThread0" daemon [_thread_in_native, id=16068, stack(0x00000086fe000000,0x00000086fe100000)]
  0x0000022b7fc63af0 JavaThread "C1 CompilerThread0" daemon [_thread_blocked, id=8600, stack(0x00000086fe100000,0x00000086fe200000)]
  0x0000022b7fcd7450 JavaThread "Sweeper thread" daemon [_thread_blocked, id=10064, stack(0x00000086fe200000,0x00000086fe300000)]
  0x0000022b7fc273e0 JavaThread "Common-Cleaner" daemon [_thread_blocked, id=3092, stack(0x00000086fe300000,0x00000086fe400000)]
  0x0000022b622994a0 JavaThread "Notification Thread" daemon [_thread_blocked, id=12512, stack(0x00000086fe500000,0x00000086fe600000)]
  0x0000022b1c9de660 JavaThread "QuantumRenderer-0" daemon [_thread_blocked, id=12504, stack(0x00000086fe400000,0x00000086fe500000)]
  0x0000022b625436e0 JavaThread "InvokeLaterDispatcher" daemon [_thread_blocked, id=1092, stack(0x00000086fea00000,0x00000086feb00000)]
  0x0000022b62552d80 JavaThread "JavaFX Application Thread" [_thread_in_native, id=11176, stack(0x00000086feb00000,0x00000086fec00000)]
  0x0000022b627fea50 JavaThread "Thread-1" daemon [_thread_in_native, id=8852, stack(0x00000086fef00000,0x00000086ff000000)]
  0x0000022b625e4330 JavaThread "JavaFX-Launcher" [_thread_blocked, id=340, stack(0x00000086ff000000,0x00000086ff100000)]
  0x0000022b67a08900 JavaThread "Prism Font Disposer" daemon [_thread_blocked, id=16664, stack(0x00000086ff500000,0x00000086ff600000)]
  0x0000022b6a2b1250 JavaThread "Cleaner-0" daemon [_thread_blocked, id=4600, stack(0x00000086ff100000,0x00000086ff200000)]

Other Threads:
  0x0000022b7fc38b30 VMThread "VM Thread" [stack: 0x00000086fd800000,0x00000086fd900000] [id=2756]
  0x0000022b7cbea4b0 WatcherThread [stack: 0x00000086fe600000,0x00000086fe700000] [id=1576]
  0x0000022b7cbd22c0 GCTaskThread "GC Thread#0" [stack: 0x00000086fd300000,0x00000086fd400000] [id=2624]
  0x0000022b6252eed0 GCTaskThread "GC Thread#1" [stack: 0x00000086fe700000,0x00000086fe800000] [id=17636]
  0x0000022b6252f190 GCTaskThread "GC Thread#2" [stack: 0x00000086fe800000,0x00000086fe900000] [id=1240]
  0x0000022b62539bf0 GCTaskThread "GC Thread#3" [stack: 0x00000086fe900000,0x00000086fea00000] [id=17568]
  0x0000022b7cbe2f50 ConcurrentGCThread "G1 Main Marker" [stack: 0x00000086fd400000,0x00000086fd500000] [id=19392]
  0x0000022b7cbe4100 ConcurrentGCThread "G1 Conc#0" [stack: 0x00000086fd500000,0x00000086fd600000] [id=14416]
  0x0000022b7cc40680 ConcurrentGCThread "G1 Refine#0" [stack: 0x00000086fd600000,0x00000086fd700000] [id=6972]
  0x0000022b7fb00200 ConcurrentGCThread "G1 Service" [stack: 0x00000086fd700000,0x00000086fd800000] [id=17128]

Threads with active compile tasks:
C2 CompilerThread0   583313 4304 %     4       com.sun.javafx.css.SelectorPartitioning::match @ 544 (696 bytes)

VM state: not at safepoint (normal execution)

VM Mutex/Monitor currently owned by a thread: None

Heap address: 0x0000000081600000, size: 2026 MB, Compressed Oops mode: 32-bit

CDS archive(s) mapped at: [0x0000022b1d000000-0x0000022b1dbd0000-0x0000022b1dbd0000), size 12386304, SharedBaseAddress: 0x0000022b1d000000, ArchiveRelocationMode: 1.
Compressed class space mapped at: 0x0000022b1e000000-0x0000022b5e000000, reserved size: 1073741824
Narrow klass base: 0x0000022b1d000000, Narrow klass shift: 0, Narrow klass range: 0x100000000

GC Precious Log:
 CPUs: 4 total, 4 available
 Memory: 8103M
 Large Page Support: Disabled
 NUMA Support: Disabled
 Compressed Oops: Enabled (32-bit)
 Heap Region Size: 1M
 Heap Min Capacity: 8M
 Heap Initial Capacity: 128M
 Heap Max Capacity: 2026M
 Pre-touch: Disabled
 Parallel Workers: 4
 Concurrent Workers: 1
 Concurrent Refinement Workers: 4
 Periodic GC: Disabled

Heap:
 garbage-first heap   total 131072K, used 21536K [0x0000000081600000, 0x0000000100000000)
  region size 1024K, 19 young (19456K), 9 survivors (9216K)
 Metaspace       used 19056K, committed 19392K, reserved 1114112K
  class space    used 2709K, committed 2880K, reserved 1048576K

Heap Regions: E=young(eden), S=young(survivor), O=old, HS=humongous(starts), HC=humongous(continues), CS=collection set, F=free, OA=open archive, CA=closed archive, TAMS=top-at-mark-start (previous, next)
|   0|0x0000000081600000, 0x0000000081700000, 0x0000000081700000|100%| O|  |TAMS 0x0000000081600000, 0x0000000081600000| Untracked 
|   1|0x0000000081700000, 0x00000000817c3800, 0x0000000081800000| 76%| O|  |TAMS 0x0000000081700000, 0x0000000081700000| Untracked 
|   2|0x0000000081800000, 0x0000000081900000, 0x0000000081900000|100%|HS|  |TAMS 0x0000000081800000, 0x0000000081800000| Complete 
|   3|0x0000000081900000, 0x0000000081a00000, 0x0000000081a00000|100%|HC|  |TAMS 0x0000000081900000, 0x0000000081900000| Complete 
|   4|0x0000000081a00000, 0x0000000081a00000, 0x0000000081b00000|  0%| F|  |TAMS 0x0000000081a00000, 0x0000000081a00000| Untracked 
|   5|0x0000000081b00000, 0x0000000081b00000, 0x0000000081c00000|  0%| F|  |TAMS 0x0000000081b00000, 0x0000000081b00000| Untracked 
|   6|0x0000000081c00000, 0x0000000081c00000, 0x0000000081d00000|  0%| F|  |TAMS 0x0000000081c00000, 0x0000000081c00000| Untracked 
|   7|0x0000000081d00000, 0x0000000081d00000, 0x0000000081e00000|  0%| F|  |TAMS 0x0000000081d00000, 0x0000000081d00000| Untracked 
|   8|0x0000000081e00000, 0x0000000081e00000, 0x0000000081f00000|  0%| F|  |TAMS 0x0000000081e00000, 0x0000000081e00000| Untracked 
|   9|0x0000000081f00000, 0x0000000081f00000, 0x0000000082000000|  0%| F|  |TAMS 0x0000000081f00000, 0x0000000081f00000| Untracked 
|  10|0x0000000082000000, 0x0000000082000000, 0x0000000082100000|  0%| F|  |TAMS 0x0000000082000000, 0x0000000082000000| Untracked 
|  11|0x0000000082100000, 0x0000000082100000, 0x0000000082200000|  0%| F|  |TAMS 0x0000000082100000, 0x0000000082100000| Untracked 
|  12|0x0000000082200000, 0x0000000082200000, 0x0000000082300000|  0%| F|  |TAMS 0x0000000082200000, 0x0000000082200000| Untracked 
|  13|0x0000000082300000, 0x0000000082300000, 0x0000000082400000|  0%| F|  |TAMS 0x0000000082300000, 0x0000000082300000| Untracked 
|  14|0x0000000082400000, 0x0000000082400000, 0x0000000082500000|  0%| F|  |TAMS 0x0000000082400000, 0x0000000082400000| Untracked 
|  15|0x0000000082500000, 0x0000000082500000, 0x0000000082600000|  0%| F|  |TAMS 0x0000000082500000, 0x0000000082500000| Untracked 
|  16|0x0000000082600000, 0x0000000082600000, 0x0000000082700000|  0%| F|  |TAMS 0x0000000082600000, 0x0000000082600000| Untracked 
|  17|0x0000000082700000, 0x0000000082700000, 0x0000000082800000|  0%| F|  |TAMS 0x0000000082700000, 0x0000000082700000| Untracked 
|  18|0x0000000082800000, 0x0000000082800000, 0x0000000082900000|  0%| F|  |TAMS 0x0000000082800000, 0x0000000082800000| Untracked 
|  19|0x0000000082900000, 0x0000000082900000, 0x0000000082a00000|  0%| F|  |TAMS 0x0000000082900000, 0x0000000082900000| Untracked 
|  20|0x0000000082a00000, 0x0000000082a00000, 0x0000000082b00000|  0%| F|  |TAMS 0x0000000082a00000, 0x0000000082a00000| Untracked 
|  21|0x0000000082b00000, 0x0000000082b00000, 0x0000000082c00000|  0%| F|  |TAMS 0x0000000082b00000, 0x0000000082b00000| Untracked 
|  22|0x0000000082c00000, 0x0000000082c00000, 0x0000000082d00000|  0%| F|  |TAMS 0x0000000082c00000, 0x0000000082c00000| Untracked 
|  23|0x0000000082d00000, 0x0000000082d00000, 0x0000000082e00000|  0%| F|  |TAMS 0x0000000082d00000, 0x0000000082d00000| Untracked 
|  24|0x0000000082e00000, 0x0000000082e00000, 0x0000000082f00000|  0%| F|  |TAMS 0x0000000082e00000, 0x0000000082e00000| Untracked 
|  25|0x0000000082f00000, 0x0000000082f00000, 0x0000000083000000|  0%| F|  |TAMS 0x0000000082f00000, 0x0000000082f00000| Untracked 
|  26|0x0000000083000000, 0x0000000083000000, 0x0000000083100000|  0%| F|  |TAMS 0x0000000083000000, 0x0000000083000000| Untracked 
|  27|0x0000000083100000, 0x0000000083100000, 0x0000000083200000|  0%| F|  |TAMS 0x0000000083100000, 0x0000000083100000| Untracked 
|  28|0x0000000083200000, 0x0000000083200000, 0x0000000083300000|  0%| F|  |TAMS 0x0000000083200000, 0x0000000083200000| Untracked 
|  29|0x0000000083300000, 0x0000000083300000, 0x0000000083400000|  0%| F|  |TAMS 0x0000000083300000, 0x0000000083300000| Untracked 
|  30|0x0000000083400000, 0x0000000083400000, 0x0000000083500000|  0%| F|  |TAMS 0x0000000083400000, 0x0000000083400000| Untracked 
|  31|0x0000000083500000, 0x0000000083500000, 0x0000000083600000|  0%| F|  |TAMS 0x0000000083500000, 0x0000000083500000| Untracked 
|  32|0x0000000083600000, 0x0000000083600000, 0x0000000083700000|  0%| F|  |TAMS 0x0000000083600000, 0x0000000083600000| Untracked 
|  33|0x0000000083700000, 0x0000000083700000, 0x0000000083800000|  0%| F|  |TAMS 0x0000000083700000, 0x0000000083700000| Untracked 
|  34|0x0000000083800000, 0x0000000083800000, 0x0000000083900000|  0%| F|  |TAMS 0x0000000083800000, 0x0000000083800000| Untracked 
|  35|0x0000000083900000, 0x0000000083900000, 0x0000000083a00000|  0%| F|  |TAMS 0x0000000083900000, 0x0000000083900000| Untracked 
|  36|0x0000000083a00000, 0x0000000083a00000, 0x0000000083b00000|  0%| F|  |TAMS 0x0000000083a00000, 0x0000000083a00000| Untracked 
|  37|0x0000000083b00000, 0x0000000083b00000, 0x0000000083c00000|  0%| F|  |TAMS 0x0000000083b00000, 0x0000000083b00000| Untracked 
|  38|0x0000000083c00000, 0x0000000083c00000, 0x0000000083d00000|  0%| F|  |TAMS 0x0000000083c00000, 0x0000000083c00000| Untracked 
|  39|0x0000000083d00000, 0x0000000083d00000, 0x0000000083e00000|  0%| F|  |TAMS 0x0000000083d00000, 0x0000000083d00000| Untracked 
|  40|0x0000000083e00000, 0x0000000083e00000, 0x0000000083f00000|  0%| F|  |TAMS 0x0000000083e00000, 0x0000000083e00000| Untracked 
|  41|0x0000000083f00000, 0x0000000083f00000, 0x0000000084000000|  0%| F|  |TAMS 0x0000000083f00000, 0x0000000083f00000| Untracked 
|  42|0x0000000084000000, 0x0000000084000000, 0x0000000084100000|  0%| F|  |TAMS 0x0000000084000000, 0x0000000084000000| Untracked 
|  43|0x0000000084100000, 0x0000000084144b50, 0x0000000084200000| 26%| S|CS|TAMS 0x0000000084100000, 0x0000000084100000| Complete 
|  44|0x0000000084200000, 0x0000000084300000, 0x0000000084300000|100%| S|CS|TAMS 0x0000000084200000, 0x0000000084200000| Complete 
|  45|0x0000000084300000, 0x0000000084400000, 0x0000000084400000|100%| S|CS|TAMS 0x0000000084300000, 0x0000000084300000| Complete 
|  46|0x0000000084400000, 0x0000000084500000, 0x0000000084500000|100%| S|CS|TAMS 0x0000000084400000, 0x0000000084400000| Complete 
|  47|0x0000000084500000, 0x0000000084600000, 0x0000000084600000|100%| S|CS|TAMS 0x0000000084500000, 0x0000000084500000| Complete 
|  48|0x0000000084600000, 0x0000000084700000, 0x0000000084700000|100%| S|CS|TAMS 0x0000000084600000, 0x0000000084600000| Complete 
|  49|0x0000000084700000, 0x0000000084800000, 0x0000000084800000|100%| S|CS|TAMS 0x0000000084700000, 0x0000000084700000| Complete 
|  50|0x0000000084800000, 0x0000000084900000, 0x0000000084900000|100%| S|CS|TAMS 0x0000000084800000, 0x0000000084800000| Complete 
|  51|0x0000000084900000, 0x0000000084a00000, 0x0000000084a00000|100%| S|CS|TAMS 0x0000000084900000, 0x0000000084900000| Complete 
|  52|0x0000000084a00000, 0x0000000084a00000, 0x0000000084b00000|  0%| F|  |TAMS 0x0000000084a00000, 0x0000000084a00000| Untracked 
|  53|0x0000000084b00000, 0x0000000084b00000, 0x0000000084c00000|  0%| F|  |TAMS 0x0000000084b00000, 0x0000000084b00000| Untracked 
|  54|0x0000000084c00000, 0x0000000084c00000, 0x0000000084d00000|  0%| F|  |TAMS 0x0000000084c00000, 0x0000000084c00000| Untracked 
|  55|0x0000000084d00000, 0x0000000084d00000, 0x0000000084e00000|  0%| F|  |TAMS 0x0000000084d00000, 0x0000000084d00000| Untracked 
|  56|0x0000000084e00000, 0x0000000084e00000, 0x0000000084f00000|  0%| F|  |TAMS 0x0000000084e00000, 0x0000000084e00000| Untracked 
|  57|0x0000000084f00000, 0x0000000084f00000, 0x0000000085000000|  0%| F|  |TAMS 0x0000000084f00000, 0x0000000084f00000| Untracked 
|  58|0x0000000085000000, 0x0000000085000000, 0x0000000085100000|  0%| F|  |TAMS 0x0000000085000000, 0x0000000085000000| Untracked 
|  59|0x0000000085100000, 0x0000000085100000, 0x0000000085200000|  0%| F|  |TAMS 0x0000000085100000, 0x0000000085100000| Untracked 
|  60|0x0000000085200000, 0x0000000085200000, 0x0000000085300000|  0%| F|  |TAMS 0x0000000085200000, 0x0000000085200000| Untracked 
|  61|0x0000000085300000, 0x0000000085300000, 0x0000000085400000|  0%| F|  |TAMS 0x0000000085300000, 0x0000000085300000| Untracked 
|  62|0x0000000085400000, 0x0000000085400000, 0x0000000085500000|  0%| F|  |TAMS 0x0000000085400000, 0x0000000085400000| Untracked 
|  63|0x0000000085500000, 0x0000000085500000, 0x0000000085600000|  0%| F|  |TAMS 0x0000000085500000, 0x0000000085500000| Untracked 
|  64|0x0000000085600000, 0x0000000085600000, 0x0000000085700000|  0%| F|  |TAMS 0x0000000085600000, 0x0000000085600000| Untracked 
|  65|0x0000000085700000, 0x0000000085700000, 0x0000000085800000|  0%| F|  |TAMS 0x0000000085700000, 0x0000000085700000| Untracked 
|  66|0x0000000085800000, 0x0000000085800000, 0x0000000085900000|  0%| F|  |TAMS 0x0000000085800000, 0x0000000085800000| Untracked 
|  67|0x0000000085900000, 0x0000000085900000, 0x0000000085a00000|  0%| F|  |TAMS 0x0000000085900000, 0x0000000085900000| Untracked 
|  68|0x0000000085a00000, 0x0000000085a00000, 0x0000000085b00000|  0%| F|  |TAMS 0x0000000085a00000, 0x0000000085a00000| Untracked 
|  69|0x0000000085b00000, 0x0000000085b00000, 0x0000000085c00000|  0%| F|  |TAMS 0x0000000085b00000, 0x0000000085b00000| Untracked 
|  70|0x0000000085c00000, 0x0000000085c00000, 0x0000000085d00000|  0%| F|  |TAMS 0x0000000085c00000, 0x0000000085c00000| Untracked 
|  71|0x0000000085d00000, 0x0000000085d00000, 0x0000000085e00000|  0%| F|  |TAMS 0x0000000085d00000, 0x0000000085d00000| Untracked 
|  72|0x0000000085e00000, 0x0000000085e00000, 0x0000000085f00000|  0%| F|  |TAMS 0x0000000085e00000, 0x0000000085e00000| Untracked 
|  73|0x0000000085f00000, 0x0000000085f00000, 0x0000000086000000|  0%| F|  |TAMS 0x0000000085f00000, 0x0000000085f00000| Untracked 
|  74|0x0000000086000000, 0x0000000086000000, 0x0000000086100000|  0%| F|  |TAMS 0x0000000086000000, 0x0000000086000000| Untracked 
|  75|0x0000000086100000, 0x0000000086100000, 0x0000000086200000|  0%| F|  |TAMS 0x0000000086100000, 0x0000000086100000| Untracked 
|  76|0x0000000086200000, 0x0000000086200000, 0x0000000086300000|  0%| F|  |TAMS 0x0000000086200000, 0x0000000086200000| Untracked 
|  77|0x0000000086300000, 0x0000000086300000, 0x0000000086400000|  0%| F|  |TAMS 0x0000000086300000, 0x0000000086300000| Untracked 
|  78|0x0000000086400000, 0x0000000086400000, 0x0000000086500000|  0%| F|  |TAMS 0x0000000086400000, 0x0000000086400000| Untracked 
|  79|0x0000000086500000, 0x0000000086500000, 0x0000000086600000|  0%| F|  |TAMS 0x0000000086500000, 0x0000000086500000| Untracked 
|  80|0x0000000086600000, 0x0000000086600000, 0x0000000086700000|  0%| F|  |TAMS 0x0000000086600000, 0x0000000086600000| Untracked 
|  81|0x0000000086700000, 0x0000000086700000, 0x0000000086800000|  0%| F|  |TAMS 0x0000000086700000, 0x0000000086700000| Untracked 
|  82|0x0000000086800000, 0x0000000086800000, 0x0000000086900000|  0%| F|  |TAMS 0x0000000086800000, 0x0000000086800000| Untracked 
|  83|0x0000000086900000, 0x0000000086900000, 0x0000000086a00000|  0%| F|  |TAMS 0x0000000086900000, 0x0000000086900000| Untracked 
|  84|0x0000000086a00000, 0x0000000086a00000, 0x0000000086b00000|  0%| F|  |TAMS 0x0000000086a00000, 0x0000000086a00000| Untracked 
|  85|0x0000000086b00000, 0x0000000086b00000, 0x0000000086c00000|  0%| F|  |TAMS 0x0000000086b00000, 0x0000000086b00000| Untracked 
|  86|0x0000000086c00000, 0x0000000086c00000, 0x0000000086d00000|  0%| F|  |TAMS 0x0000000086c00000, 0x0000000086c00000| Untracked 
|  87|0x0000000086d00000, 0x0000000086d00000, 0x0000000086e00000|  0%| F|  |TAMS 0x0000000086d00000, 0x0000000086d00000| Untracked 
|  88|0x0000000086e00000, 0x0000000086e00000, 0x0000000086f00000|  0%| F|  |TAMS 0x0000000086e00000, 0x0000000086e00000| Untracked 
|  89|0x0000000086f00000, 0x0000000086f00000, 0x0000000087000000|  0%| F|  |TAMS 0x0000000086f00000, 0x0000000086f00000| Untracked 
|  90|0x0000000087000000, 0x0000000087000000, 0x0000000087100000|  0%| F|  |TAMS 0x0000000087000000, 0x0000000087000000| Untracked 
|  91|0x0000000087100000, 0x0000000087100000, 0x0000000087200000|  0%| F|  |TAMS 0x0000000087100000, 0x0000000087100000| Untracked 
|  92|0x0000000087200000, 0x0000000087200000, 0x0000000087300000|  0%| F|  |TAMS 0x0000000087200000, 0x0000000087200000| Untracked 
|  93|0x0000000087300000, 0x0000000087300000, 0x0000000087400000|  0%| F|  |TAMS 0x0000000087300000, 0x0000000087300000| Untracked 
|  94|0x0000000087400000, 0x0000000087400000, 0x0000000087500000|  0%| F|  |TAMS 0x0000000087400000, 0x0000000087400000| Untracked 
|  95|0x0000000087500000, 0x0000000087500000, 0x0000000087600000|  0%| F|  |TAMS 0x0000000087500000, 0x0000000087500000| Untracked 
|  96|0x0000000087600000, 0x0000000087600000, 0x0000000087700000|  0%| F|  |TAMS 0x0000000087600000, 0x0000000087600000| Untracked 
|  97|0x0000000087700000, 0x0000000087700000, 0x0000000087800000|  0%| F|  |TAMS 0x0000000087700000, 0x0000000087700000| Untracked 
|  98|0x0000000087800000, 0x0000000087800000, 0x0000000087900000|  0%| F|  |TAMS 0x0000000087800000, 0x0000000087800000| Untracked 
|  99|0x0000000087900000, 0x0000000087900000, 0x0000000087a00000|  0%| F|  |TAMS 0x0000000087900000, 0x0000000087900000| Untracked 
| 100|0x0000000087a00000, 0x0000000087a00000, 0x0000000087b00000|  0%| F|  |TAMS 0x0000000087a00000, 0x0000000087a00000| Untracked 
| 101|0x0000000087b00000, 0x0000000087b00000, 0x0000000087c00000|  0%| F|  |TAMS 0x0000000087b00000, 0x0000000087b00000| Untracked 
| 102|0x0000000087c00000, 0x0000000087c00000, 0x0000000087d00000|  0%| F|  |TAMS 0x0000000087c00000, 0x0000000087c00000| Untracked 
| 103|0x0000000087d00000, 0x0000000087d00000, 0x0000000087e00000|  0%| F|  |TAMS 0x0000000087d00000, 0x0000000087d00000| Untracked 
| 104|0x0000000087e00000, 0x0000000087e00000, 0x0000000087f00000|  0%| F|  |TAMS 0x0000000087e00000, 0x0000000087e00000| Untracked 
| 105|0x0000000087f00000, 0x0000000087f00000, 0x0000000088000000|  0%| F|  |TAMS 0x0000000087f00000, 0x0000000087f00000| Untracked 
| 106|0x0000000088000000, 0x0000000088000000, 0x0000000088100000|  0%| F|  |TAMS 0x0000000088000000, 0x0000000088000000| Untracked 
| 107|0x0000000088100000, 0x0000000088100000, 0x0000000088200000|  0%| F|  |TAMS 0x0000000088100000, 0x0000000088100000| Untracked 
| 108|0x0000000088200000, 0x0000000088200000, 0x0000000088300000|  0%| F|  |TAMS 0x0000000088200000, 0x0000000088200000| Untracked 
| 109|0x0000000088300000, 0x0000000088300000, 0x0000000088400000|  0%| F|  |TAMS 0x0000000088300000, 0x0000000088300000| Untracked 
| 110|0x0000000088400000, 0x0000000088400000, 0x0000000088500000|  0%| F|  |TAMS 0x0000000088400000, 0x0000000088400000| Untracked 
| 111|0x0000000088500000, 0x0000000088500000, 0x0000000088600000|  0%| F|  |TAMS 0x0000000088500000, 0x0000000088500000| Untracked 
| 112|0x0000000088600000, 0x0000000088600000, 0x0000000088700000|  0%| F|  |TAMS 0x0000000088600000, 0x0000000088600000| Untracked 
| 113|0x0000000088700000, 0x0000000088700000, 0x0000000088800000|  0%| F|  |TAMS 0x0000000088700000, 0x0000000088700000| Untracked 
| 114|0x0000000088800000, 0x0000000088800000, 0x0000000088900000|  0%| F|  |TAMS 0x0000000088800000, 0x0000000088800000| Untracked 
| 115|0x0000000088900000, 0x0000000088900000, 0x0000000088a00000|  0%| F|  |TAMS 0x0000000088900000, 0x0000000088900000| Untracked 
| 116|0x0000000088a00000, 0x0000000088a00000, 0x0000000088b00000|  0%| F|  |TAMS 0x0000000088a00000, 0x0000000088a00000| Untracked 
| 117|0x0000000088b00000, 0x0000000088b00000, 0x0000000088c00000|  0%| F|  |TAMS 0x0000000088b00000, 0x0000000088b00000| Untracked 
| 118|0x0000000088c00000, 0x0000000088c80800, 0x0000000088d00000| 50%| E|  |TAMS 0x0000000088c00000, 0x0000000088c00000| Complete 
| 119|0x0000000088d00000, 0x0000000088e00000, 0x0000000088e00000|100%| E|CS|TAMS 0x0000000088d00000, 0x0000000088d00000| Complete 
| 120|0x0000000088e00000, 0x0000000088f00000, 0x0000000088f00000|100%| E|CS|TAMS 0x0000000088e00000, 0x0000000088e00000| Complete 
| 121|0x0000000088f00000, 0x0000000089000000, 0x0000000089000000|100%| E|CS|TAMS 0x0000000088f00000, 0x0000000088f00000| Complete 
| 122|0x0000000089000000, 0x0000000089100000, 0x0000000089100000|100%| E|CS|TAMS 0x0000000089000000, 0x0000000089000000| Complete 
| 123|0x0000000089100000, 0x0000000089200000, 0x0000000089200000|100%| E|CS|TAMS 0x0000000089100000, 0x0000000089100000| Complete 
| 124|0x0000000089200000, 0x0000000089300000, 0x0000000089300000|100%| E|CS|TAMS 0x0000000089200000, 0x0000000089200000| Complete 
| 125|0x0000000089300000, 0x0000000089400000, 0x0000000089400000|100%| E|CS|TAMS 0x0000000089300000, 0x0000000089300000| Complete 
| 126|0x0000000089400000, 0x0000000089500000, 0x0000000089500000|100%| E|CS|TAMS 0x0000000089400000, 0x0000000089400000| Complete 
| 127|0x0000000089500000, 0x0000000089600000, 0x0000000089600000|100%| E|CS|TAMS 0x0000000089500000, 0x0000000089500000| Complete 

Card table byte_map: [0x0000022b7ee50000,0x0000022b7f250000] _byte_map_base: 0x0000022b7ea45000

Marking Bits (Prev, Next): (CMBitMap*) 0x0000022b7cbd28e0, (CMBitMap*) 0x0000022b7cbd2920
 Prev Bits: [0x0000022b16820000, 0x0000022b187c8000)
 Next Bits: [0x0000022b187d0000, 0x0000022b1a778000)

Polling page: 0x0000022b7cc50000

Metaspace:

Usage:
  Non-class:     15.96 MB used.
      Class:      2.65 MB used.
       Both:     18.61 MB used.

Virtual space:
  Non-class space:       64.00 MB reserved,      16.12 MB ( 25%) committed,  1 nodes.
      Class space:        1.00 GB reserved,       2.81 MB ( <1%) committed,  1 nodes.
             Both:        1.06 GB reserved,      18.94 MB (  2%) committed. 

Chunk freelists:
   Non-Class:  15.67 MB
       Class:  13.21 MB
        Both:  28.89 MB

MaxMetaspaceSize: unlimited
CompressedClassSpaceSize: 1.00 GB
Initial GC threshold: 21.00 MB
Current GC threshold: 21.00 MB
CDS: on
MetaspaceReclaimPolicy: balanced
 - commit_granule_bytes: 65536.
 - commit_granule_words: 8192.
 - virtual_space_node_default_size: 8388608.
 - enlarge_chunks_in_place: 1.
 - new_chunks_are_fully_committed: 0.
 - uncommit_free_chunks: 1.
 - use_allocation_guard: 0.
 - handle_deallocations: 1.


Internal statistics:

num_allocs_failed_limit: 0.
num_arena_births: 262.
num_arena_deaths: 0.
num_vsnodes_births: 2.
num_vsnodes_deaths: 0.
num_space_committed: 303.
num_space_uncommitted: 0.
num_chunks_returned_to_freelist: 0.
num_chunks_taken_from_freelist: 918.
num_chunk_merges: 0.
num_chunk_splits: 620.
num_chunks_enlarged: 459.
num_inconsistent_stats: 0.

CodeHeap 'non-profiled nmethods': size=120000Kb used=1913Kb max_used=1913Kb free=118086Kb
 bounds [0x0000022b0f2f0000, 0x0000022b0f560000, 0x0000022b16820000]
CodeHeap 'profiled nmethods': size=120000Kb used=8973Kb max_used=8973Kb free=111026Kb
 bounds [0x0000022b07820000, 0x0000022b080f0000, 0x0000022b0ed50000]
CodeHeap 'non-nmethods': size=5760Kb used=1440Kb max_used=1502Kb free=4319Kb
 bounds [0x0000022b0ed50000, 0x0000022b0efc0000, 0x0000022b0f2f0000]
 total_blobs=5128 nmethods=4323 adapters=716
 compilation: enabled
              stopped_count=0, restarted_count=0
 full_count=0

Compilation events (20 events):
Event: 582.755 Thread 0x0000022b7fc63af0 4325       3       com.sun.javafx.font.PrismFont::getStrike (16 bytes)
Event: 582.755 Thread 0x0000022b7fc63af0 nmethod 4325 0x0000022b080db290 code [0x0000022b080db440, 0x0000022b080db628]
Event: 582.755 Thread 0x0000022b7fc63af0 4326       3       javafx.scene.layout.Region::snapSize (14 bytes)
Event: 582.756 Thread 0x0000022b7fc63af0 nmethod 4326 0x0000022b080db710 code [0x0000022b080db8c0, 0x0000022b080dba28]
Event: 582.756 Thread 0x0000022b7fc63af0 4327       3       javafx.scene.layout.Region::snapPosition (14 bytes)
Event: 582.756 Thread 0x0000022b7fc63af0 nmethod 4327 0x0000022b080dbb10 code [0x0000022b080dbcc0, 0x0000022b080dbea8]
Event: 582.756 Thread 0x0000022b7fc63af0 4328       3       com.sun.javafx.scene.layout.RegionHelper::computeGeomBoundsImpl (12 bytes)
Event: 582.757 Thread 0x0000022b7fc63af0 nmethod 4328 0x0000022b080dbf90 code [0x0000022b080dc140, 0x0000022b080dc448]
Event: 582.757 Thread 0x0000022b7fc63af0 4329       3       javafx.scene.layout.Region$1::doComputeGeomBounds (10 bytes)
Event: 582.757 Thread 0x0000022b7fc63af0 nmethod 4329 0x0000022b080dc590 code [0x0000022b080dc740, 0x0000022b080dc988]
Event: 582.757 Thread 0x0000022b7fc63af0 4330       3       javafx.scene.layout.Region::doComputeGeomBounds (343 bytes)
Event: 582.761 Thread 0x0000022b7fc63af0 nmethod 4330 0x0000022b080dca90 code [0x0000022b080dcf20, 0x0000022b080df8d8]
Event: 582.761 Thread 0x0000022b7fc63af0 4333       3       com.sun.prism.impl.ps.PaintHelper::setMultiGradient (177 bytes)
Event: 582.762 Thread 0x0000022b7fc63af0 nmethod 4333 0x0000022b080e0710 code [0x0000022b080e09e0, 0x0000022b080e1758]
Event: 582.762 Thread 0x0000022b7fc63af0 4334       3       com.sun.javafx.geom.RectBounds::intersectWith (77 bytes)
Event: 582.763 Thread 0x0000022b7fc63af0 nmethod 4334 0x0000022b080e1c10 code [0x0000022b080e1e00, 0x0000022b080e2338]
Event: 582.763 Thread 0x0000022b7fc63af0 4331       3       com.sun.javafx.scene.layout.RegionHelper::superComputeGeomBounds (14 bytes)
Event: 582.764 Thread 0x0000022b7fc63af0 nmethod 4331 0x0000022b080e2490 code [0x0000022b080e2680, 0x0000022b080e2c18]
Event: 582.764 Thread 0x0000022b7fc63af0 4332       3       com.sun.javafx.scene.layout.RegionHelper::superComputeGeomBoundsImpl (8 bytes)
Event: 582.765 Thread 0x0000022b7fc63af0 nmethod 4332 0x0000022b080e2e10 code [0x0000022b080e2fe0, 0x0000022b080e3348]

GC Heap History (6 events):
Event: 1.384 GC heap before
{Heap before GC invocations=0 (full 0):
 garbage-first heap   total 131072K, used 13312K [0x0000000081600000, 0x0000000100000000)
  region size 1024K, 13 young (13312K), 0 survivors (0K)
 Metaspace       used 2629K, committed 2816K, reserved 1114112K
  class space    used 284K, committed 384K, reserved 1048576K
}
Event: 1.390 GC heap after
{Heap after GC invocations=1 (full 0):
 garbage-first heap   total 131072K, used 1916K [0x0000000081600000, 0x0000000100000000)
  region size 1024K, 2 young (2048K), 2 survivors (2048K)
 Metaspace       used 2629K, committed 2816K, reserved 1114112K
  class space    used 284K, committed 384K, reserved 1048576K
}
Event: 2.180 GC heap before
{Heap before GC invocations=1 (full 0):
 garbage-first heap   total 131072K, used 18300K [0x0000000081600000, 0x0000000100000000)
  region size 1024K, 19 young (19456K), 2 survivors (2048K)
 Metaspace       used 8483K, committed 8704K, reserved 1114112K
  class space    used 1116K, committed 1216K, reserved 1048576K
}
Event: 2.190 GC heap after
{Heap after GC invocations=2 (full 0):
 garbage-first heap   total 131072K, used 4878K [0x0000000081600000, 0x0000000100000000)
  region size 1024K, 3 young (3072K), 3 survivors (3072K)
 Metaspace       used 8483K, committed 8704K, reserved 1114112K
  class space    used 1116K, committed 1216K, reserved 1048576K
}
Event: 493.320 GC heap before
{Heap before GC invocations=2 (full 0):
 garbage-first heap   total 131072K, used 81678K [0x0000000081600000, 0x0000000100000000)
  region size 1024K, 76 young (77824K), 3 survivors (3072K)
 Metaspace       used 18867K, committed 19136K, reserved 1114112K
  class space    used 2705K, committed 2880K, reserved 1048576K
}
Event: 493.340 GC heap after
{Heap after GC invocations=3 (full 0):
 garbage-first heap   total 131072K, used 12320K [0x0000000081600000, 0x0000000100000000)
  region size 1024K, 9 young (9216K), 9 survivors (9216K)
 Metaspace       used 18867K, committed 19136K, reserved 1114112K
  class space    used 2705K, committed 2880K, reserved 1048576K
}

Deoptimization events (20 events):
Event: 522.734 Thread 0x0000022b62552d80 Uncommon trap: trap_request=0xffffffbe fr.pc=0x0000022b0f4b3e5c relative=0x000000000000195c
Event: 522.734 Thread 0x0000022b62552d80 Uncommon trap: reason=profile_predicate action=maybe_recompile pc=0x0000022b0f4b3e5c method=javafx.css.CompoundSelector.applies(Ljavafx/css/Styleable;I[Ljava/util/Set;I)Z @ 103 c2
Event: 522.734 Thread 0x0000022b62552d80 DEOPT PACKING pc=0x0000022b0f4b3e5c sp=0x00000086febfd960
Event: 522.735 Thread 0x0000022b62552d80 DEOPT UNPACKING pc=0x0000022b0eda23a3 sp=0x00000086febfd950 mode 2
Event: 522.738 Thread 0x0000022b62552d80 Uncommon trap: trap_request=0xffffffbe fr.pc=0x0000022b0f4b3e5c relative=0x000000000000195c
Event: 522.738 Thread 0x0000022b62552d80 Uncommon trap: reason=profile_predicate action=maybe_recompile pc=0x0000022b0f4b3e5c method=javafx.css.CompoundSelector.applies(Ljavafx/css/Styleable;I[Ljava/util/Set;I)Z @ 103 c2
Event: 522.738 Thread 0x0000022b62552d80 DEOPT PACKING pc=0x0000022b0f4b3e5c sp=0x00000086febfd960
Event: 522.738 Thread 0x0000022b62552d80 DEOPT UNPACKING pc=0x0000022b0eda23a3 sp=0x00000086febfd950 mode 2
Event: 522.739 Thread 0x0000022b62552d80 Uncommon trap: trap_request=0xffffffbe fr.pc=0x0000022b0f4b3e5c relative=0x000000000000195c
Event: 522.739 Thread 0x0000022b62552d80 Uncommon trap: reason=profile_predicate action=maybe_recompile pc=0x0000022b0f4b3e5c method=javafx.css.CompoundSelector.applies(Ljavafx/css/Styleable;I[Ljava/util/Set;I)Z @ 103 c2
Event: 522.739 Thread 0x0000022b62552d80 DEOPT PACKING pc=0x0000022b0f4b3e5c sp=0x00000086febfd960
Event: 522.739 Thread 0x0000022b62552d80 DEOPT UNPACKING pc=0x0000022b0eda23a3 sp=0x00000086febfd950 mode 2
Event: 522.739 Thread 0x0000022b62552d80 Uncommon trap: trap_request=0xffffffbe fr.pc=0x0000022b0f4b3e5c relative=0x000000000000195c
Event: 522.739 Thread 0x0000022b62552d80 Uncommon trap: reason=profile_predicate action=maybe_recompile pc=0x0000022b0f4b3e5c method=javafx.css.CompoundSelector.applies(Ljavafx/css/Styleable;I[Ljava/util/Set;I)Z @ 103 c2
Event: 522.739 Thread 0x0000022b62552d80 DEOPT PACKING pc=0x0000022b0f4b3e5c sp=0x00000086febfd960
Event: 522.739 Thread 0x0000022b62552d80 DEOPT UNPACKING pc=0x0000022b0eda23a3 sp=0x00000086febfd950 mode 2
Event: 582.708 Thread 0x0000022b62552d80 Uncommon trap: trap_request=0xffffff6e fr.pc=0x0000022b0f4cc2c4 relative=0x0000000000000424
Event: 582.708 Thread 0x0000022b62552d80 Uncommon trap: reason=loop_limit_check action=maybe_recompile pc=0x0000022b0f4cc2c4 method=java.lang.StringLatin1.indexOf([BI[BII)I @ 37 c2
Event: 582.708 Thread 0x0000022b62552d80 DEOPT PACKING pc=0x0000022b0f4cc2c4 sp=0x00000086febfe1c0
Event: 582.708 Thread 0x0000022b62552d80 DEOPT UNPACKING pc=0x0000022b0eda23a3 sp=0x00000086febfe120 mode 2

Classes unloaded (0 events):
No events

Classes redefined (0 events):
No events

Internal exceptions (20 events):
Event: 3.759 Thread 0x0000022b62552d80 Exception <a 'java/lang/NoSuchMethodError'{0x0000000087e598c8}: 'long java.lang.invoke.DirectMethodHandle$Holder.invokeStaticInit(java.lang.Object, java.lang.Object, java.lang.Object)'> (0x0000000087e598c8) 
thrown [s\open\src\hotspot\share\interpreter\linkResolver.cpp, line 759]
Event: 3.776 Thread 0x0000022b62552d80 Exception <a 'java/lang/NoSuchMethodError'{0x0000000087e714c8}: 'java.lang.Object java.lang.invoke.DirectMethodHandle$Holder.newInvokeSpecial(java.lang.Object, java.lang.Object, long)'> (0x0000000087e714c8) 
thrown [s\open\src\hotspot\share\interpreter\linkResolver.cpp, line 759]
Event: 3.776 Thread 0x0000022b62552d80 Exception <a 'java/lang/NoSuchMethodError'{0x0000000087e75038}: 'java.lang.Object java.lang.invoke.Invokers$Holder.linkToTargetMethod(java.lang.Object, long, java.lang.Object)'> (0x0000000087e75038) 
thrown [s\open\src\hotspot\share\interpreter\linkResolver.cpp, line 759]
Event: 12.216 Thread 0x0000022b62552d80 Exception <a 'sun/nio/fs/WindowsException'{0x0000000087864d18}> (0x0000000087864d18) 
thrown [s\open\src\hotspot\share\prims\jni.cpp, line 516]
Event: 12.326 Thread 0x0000022b62552d80 Exception <a 'sun/nio/fs/WindowsException'{0x0000000087630a90}> (0x0000000087630a90) 
thrown [s\open\src\hotspot\share\prims\jni.cpp, line 516]
Event: 12.347 Thread 0x0000022b62552d80 Exception <a 'sun/nio/fs/WindowsException'{0x00000000876cc0b0}> (0x00000000876cc0b0) 
thrown [s\open\src\hotspot\share\prims\jni.cpp, line 516]
Event: 12.347 Thread 0x0000022b62552d80 Exception <a 'sun/nio/fs/WindowsException'{0x00000000876cc440}> (0x00000000876cc440) 
thrown [s\open\src\hotspot\share\prims\jni.cpp, line 516]
Event: 12.357 Thread 0x0000022b62552d80 Exception <a 'sun/nio/fs/WindowsException'{0x00000000876f3088}> (0x00000000876f3088) 
thrown [s\open\src\hotspot\share\prims\jni.cpp, line 516]
Event: 12.362 Thread 0x0000022b62552d80 Exception <a 'java/lang/NoSuchMethodError'{0x00000000876fbd40}: 'java.lang.Object java.lang.invoke.DirectMethodHandle$Holder.invokeStaticInit(java.lang.Object, int, int, int, int)'> (0x00000000876fbd40) 
thrown [s\open\src\hotspot\share\interpreter\linkResolver.cpp, line 759]
Event: 12.449 Thread 0x0000022b62552d80 Exception <a 'java/lang/NoSuchMethodError'{0x00000000875b69c0}: 'java.lang.Object java.lang.invoke.DirectMethodHandle$Holder.invokeStaticInit(java.lang.Object, java.lang.Object, int, int, int, int)'> (0x00000000875b69c0) 
thrown [s\open\src\hotspot\share\interpreter\linkResolver.cpp, line 759]
Event: 12.475 Thread 0x0000022b62552d80 Exception <a 'sun/nio/fs/WindowsException'{0x00000000875ca5c8}> (0x00000000875ca5c8) 
thrown [s\open\src\hotspot\share\prims\jni.cpp, line 516]
Event: 12.475 Thread 0x0000022b62552d80 Exception <a 'sun/nio/fs/WindowsException'{0x00000000875ca958}> (0x00000000875ca958) 
thrown [s\open\src\hotspot\share\prims\jni.cpp, line 516]
Event: 12.477 Thread 0x0000022b62552d80 Exception <a 'sun/nio/fs/WindowsException'{0x00000000875cc260}> (0x00000000875cc260) 
thrown [s\open\src\hotspot\share\prims\jni.cpp, line 516]
Event: 12.746 Thread 0x0000022b62552d80 Exception <a 'java/lang/NoSuchMethodError'{0x000000008747b6d0}: 'java.lang.Object java.lang.invoke.DirectMethodHandle$Holder.invokeSpecial(java.lang.Object, java.lang.Object, int, java.lang.Object, long)'> (0x000000008747b6d0) 
thrown [s\open\src\hotspot\share\interpreter\linkResolver.cpp, line 759]
Event: 14.177 Thread 0x0000022b62552d80 Exception <a 'java/lang/NoSuchMethodError'{0x0000000086f4bc58}: 'int java.lang.invoke.DirectMethodHandle$Holder.invokeSpecial(java.lang.Object, java.lang.Object, int)'> (0x0000000086f4bc58) 
thrown [s\open\src\hotspot\share\interpreter\linkResolver.cpp, line 759]
Event: 16.197 Thread 0x0000022b62552d80 Exception <a 'java/lang/NullPointerException'{0x0000000086c5a898}> (0x0000000086c5a898) 
thrown [s\open\src\hotspot\share\interpreter\linkResolver.cpp, line 1350]
Event: 17.361 Thread 0x0000022b62552d80 Exception <a 'java/lang/NullPointerException'{0x0000000086b290d0}> (0x0000000086b290d0) 
thrown [s\open\src\hotspot\share\interpreter\linkResolver.cpp, line 1350]
Event: 17.361 Thread 0x0000022b62552d80 Exception <a 'java/lang/reflect/InvocationTargetException'{0x0000000086b29650}> (0x0000000086b29650) 
thrown [s\open\src\hotspot\share\runtime\reflection.cpp, line 1121]
Event: 34.595 Thread 0x0000022b62552d80 Exception <a 'java/lang/NullPointerException'{0x0000000086aaf210}> (0x0000000086aaf210) 
thrown [s\open\src\hotspot\share\interpreter\linkResolver.cpp, line 1350]
Event: 34.595 Thread 0x0000022b62552d80 Exception <a 'java/lang/reflect/InvocationTargetException'{0x0000000086aaf790}> (0x0000000086aaf790) 
thrown [s\open\src\hotspot\share\runtime\reflection.cpp, line 1121]

VM Operations (20 events):
Event: 464.321 Executing VM operation: Cleanup
Event: 464.322 Executing VM operation: Cleanup done
Event: 480.918 Executing VM operation: HandshakeAllThreads
Event: 480.918 Executing VM operation: HandshakeAllThreads done
Event: 492.923 Executing VM operation: Cleanup
Event: 492.923 Executing VM operation: Cleanup done
Event: 493.320 Executing VM operation: G1CollectForAllocation
Event: 493.341 Executing VM operation: G1CollectForAllocation done
Event: 495.341 Executing VM operation: Cleanup
Event: 495.341 Executing VM operation: Cleanup done
Event: 523.354 Executing VM operation: Cleanup
Event: 523.354 Executing VM operation: Cleanup done
Event: 524.355 Executing VM operation: Cleanup
Event: 524.355 Executing VM operation: Cleanup done
Event: 541.030 Executing VM operation: HandshakeAllThreads
Event: 541.030 Executing VM operation: HandshakeAllThreads done
Event: 553.035 Executing VM operation: Cleanup
Event: 553.035 Executing VM operation: Cleanup done
Event: 554.036 Executing VM operation: Cleanup
Event: 554.036 Executing VM operation: Cleanup done

Events (20 events):
Event: 13.928 loading class java/util/BitSet$1BitSetSpliterator
Event: 13.928 loading class java/util/BitSet$1BitSetSpliterator done
Event: 13.930 loading class java/util/stream/IntPipeline$1
Event: 13.930 loading class java/util/stream/IntPipeline$1 done
Event: 13.930 loading class java/util/stream/IntPipeline$1$1
Event: 13.930 loading class java/util/stream/IntPipeline$1$1 done
Event: 13.962 Thread 0x0000022b682bd6d0 Thread added: 0x0000022b682bd6d0
Event: 15.106 Thread 0x0000022b682bd6d0 Thread exited: 0x0000022b682bd6d0
Event: 16.197 loading class java/lang/Throwable$WrappedPrintStream
Event: 16.197 loading class java/lang/Throwable$PrintStreamOrWriter
Event: 16.197 loading class java/lang/Throwable$PrintStreamOrWriter done
Event: 16.197 loading class java/lang/Throwable$WrappedPrintStream done
Event: 16.220 Thread 0x0000022b6270b670 Thread added: 0x0000022b6270b670
Event: 16.521 Thread 0x0000022b6270b670 Thread exited: 0x0000022b6270b670
Event: 34.595 Thread 0x0000022b67e95ff0 Thread added: 0x0000022b67e95ff0
Event: 35.283 Thread 0x0000022b67e95ff0 Thread exited: 0x0000022b67e95ff0
Event: 343.049 Thread 0x0000022b1cad58c0 Thread added: 0x0000022b1cad58c0
Event: 350.187 Thread 0x0000022b1cad58c0 Thread exited: 0x0000022b1cad58c0
Event: 372.751 Thread 0x0000022b67ab4ba0 Thread added: 0x0000022b67ab4ba0
Event: 373.156 Thread 0x0000022b67ab4ba0 Thread exited: 0x0000022b67ab4ba0


Dynamic libraries:
0x00007ff6b9740000 - 0x00007ff6b9750000 	C:\Program Files\Java\jdk-17\bin\java.exe
0x00007ffe62a30000 - 0x00007ffe62c28000 	C:\Windows\SYSTEM32\ntdll.dll
0x00007ffe61140000 - 0x00007ffe61202000 	C:\Windows\System32\KERNEL32.DLL
0x00007ffe602b0000 - 0x00007ffe605a6000 	C:\Windows\System32\KERNELBASE.dll
0x00007ffe60630000 - 0x00007ffe60730000 	C:\Windows\System32\ucrtbase.dll
0x00007ffe5ded0000 - 0x00007ffe5dee9000 	C:\Program Files\Java\jdk-17\bin\jli.dll
0x00007ffe60e80000 - 0x00007ffe60f31000 	C:\Windows\System32\ADVAPI32.dll
0x00007ffe62950000 - 0x00007ffe629ee000 	C:\Windows\System32\msvcrt.dll
0x00007ffe60a80000 - 0x00007ffe60b1f000 	C:\Windows\System32\sechost.dll
0x00007ffe626d0000 - 0x00007ffe627f3000 	C:\Windows\System32\RPCRT4.dll
0x00007ffe60600000 - 0x00007ffe60627000 	C:\Windows\System32\bcrypt.dll
0x00007ffe62090000 - 0x00007ffe6222d000 	C:\Windows\System32\USER32.dll
0x00007ffe60730000 - 0x00007ffe60752000 	C:\Windows\System32\win32u.dll
0x00007ffe60a50000 - 0x00007ffe60a7b000 	C:\Windows\System32\GDI32.dll
0x00007ffe60930000 - 0x00007ffe60a49000 	C:\Windows\System32\gdi32full.dll
0x00007ffe60890000 - 0x00007ffe6092d000 	C:\Windows\System32\msvcp_win.dll
0x00007ffe4e2d0000 - 0x00007ffe4e2eb000 	C:\Program Files\Java\jdk-17\bin\VCRUNTIME140.dll
0x00007ffe5f550000 - 0x00007ffe5f7ea000 	C:\Windows\WinSxS\amd64_microsoft.windows.common-controls_6595b64144ccf1df_6.0.19041.5915_none_60b4b9d171f9c7c7\COMCTL32.dll
0x00007ffe5cb90000 - 0x00007ffe5cb9a000 	C:\Windows\SYSTEM32\VERSION.dll
0x00007ffe61f90000 - 0x00007ffe61fbf000 	C:\Windows\System32\IMM32.DLL
0x00007ffe5dc60000 - 0x00007ffe5dc6c000 	C:\Program Files\Java\jdk-17\bin\vcruntime140_1.dll
0x00007ffe2fc70000 - 0x00007ffe2fcfe000 	C:\Program Files\Java\jdk-17\bin\msvcp140.dll
0x00007ffe1a4b0000 - 0x00007ffe1b091000 	C:\Program Files\Java\jdk-17\bin\server\jvm.dll
0x00007ffe62080000 - 0x00007ffe62088000 	C:\Windows\System32\PSAPI.DLL
0x00007ffe42370000 - 0x00007ffe42379000 	C:\Windows\SYSTEM32\WSOCK32.dll
0x00007ffe622e0000 - 0x00007ffe6234b000 	C:\Windows\System32\WS2_32.dll
0x00007ffe49d10000 - 0x00007ffe49d37000 	C:\Windows\SYSTEM32\WINMM.dll
0x00007ffe5db70000 - 0x00007ffe5db82000 	C:\Windows\SYSTEM32\kernel.appcore.dll
0x00007ffe565c0000 - 0x00007ffe565ca000 	C:\Program Files\Java\jdk-17\bin\jimage.dll
0x00007ffe5fa70000 - 0x00007ffe5fc71000 	C:\Windows\SYSTEM32\DBGHELP.DLL
0x00007ffe5f9e0000 - 0x00007ffe5fa14000 	C:\Windows\SYSTEM32\dbgcore.DLL
0x00007ffe600c0000 - 0x00007ffe60142000 	C:\Windows\System32\bcryptPrimitives.dll
0x00007ffe4d7f0000 - 0x00007ffe4d815000 	C:\Program Files\Java\jdk-17\bin\java.dll
0x00007ffe2e990000 - 0x00007ffe2ea67000 	C:\Program Files\Java\jdk-17\bin\jsvml.dll
0x00007ffe61210000 - 0x00007ffe6197e000 	C:\Windows\System32\SHELL32.dll
0x00007ffe5d3b0000 - 0x00007ffe5db54000 	C:\Windows\SYSTEM32\windows.storage.dll
0x00007ffe60b20000 - 0x00007ffe60e73000 	C:\Windows\System32\combase.dll
0x00007ffe5f3c0000 - 0x00007ffe5f3eb000 	C:\Windows\SYSTEM32\Wldp.dll
0x00007ffe62450000 - 0x00007ffe6251d000 	C:\Windows\System32\OLEAUT32.dll
0x00007ffe62230000 - 0x00007ffe622dd000 	C:\Windows\System32\SHCORE.dll
0x00007ffe61fc0000 - 0x00007ffe6201b000 	C:\Windows\System32\shlwapi.dll
0x00007ffe5fff0000 - 0x00007ffe60014000 	C:\Windows\SYSTEM32\profapi.dll
0x00007ffe45f80000 - 0x00007ffe45f99000 	C:\Program Files\Java\jdk-17\bin\net.dll
0x00007ffe511d0000 - 0x00007ffe512da000 	C:\Windows\SYSTEM32\WINHTTP.dll
0x00007ffe5f1a0000 - 0x00007ffe5f20a000 	C:\Windows\system32\mswsock.dll
0x00007ffe449b0000 - 0x00007ffe449c6000 	C:\Program Files\Java\jdk-17\bin\nio.dll
0x00007ffe3a160000 - 0x00007ffe3a178000 	C:\Program Files\Java\jdk-17\bin\zip.dll
0x0000022b1cc90000 - 0x0000022b1cc93000 	C:\Users\hp\.openjfx\cache\21+31\amd64\api-ms-win-core-console-l1-1-0.dll
0x0000022b1cca0000 - 0x0000022b1cca3000 	C:\Users\hp\.openjfx\cache\21+31\amd64\api-ms-win-core-console-l1-2-0.dll
0x0000022b1ccb0000 - 0x0000022b1ccb3000 	C:\Users\hp\.openjfx\cache\21+31\amd64\api-ms-win-core-datetime-l1-1-0.dll
0x0000022b1ccc0000 - 0x0000022b1ccc3000 	C:\Users\hp\.openjfx\cache\21+31\amd64\api-ms-win-core-debug-l1-1-0.dll
0x0000022b1ccd0000 - 0x0000022b1ccd3000 	C:\Users\hp\.openjfx\cache\21+31\amd64\api-ms-win-core-errorhandling-l1-1-0.dll
0x0000022b1cce0000 - 0x0000022b1cce4000 	C:\Users\hp\.openjfx\cache\21+31\amd64\api-ms-win-core-file-l1-1-0.dll
0x0000022b1ccf0000 - 0x0000022b1ccf3000 	C:\Users\hp\.openjfx\cache\21+31\amd64\api-ms-win-core-file-l1-2-0.dll
0x0000022b1cd00000 - 0x0000022b1cd03000 	C:\Users\hp\.openjfx\cache\21+31\amd64\api-ms-win-core-file-l2-1-0.dll
0x0000022b1cd10000 - 0x0000022b1cd13000 	C:\Users\hp\.openjfx\cache\21+31\amd64\api-ms-win-core-handle-l1-1-0.dll
0x0000022b1cd20000 - 0x0000022b1cd23000 	C:\Users\hp\.openjfx\cache\21+31\amd64\api-ms-win-core-heap-l1-1-0.dll
0x0000022b1cd30000 - 0x0000022b1cd33000 	C:\Users\hp\.openjfx\cache\21+31\amd64\api-ms-win-core-interlocked-l1-1-0.dll
0x0000022b1cd40000 - 0x0000022b1cd43000 	C:\Users\hp\.openjfx\cache\21+31\amd64\api-ms-win-core-libraryloader-l1-1-0.dll
0x0000022b1cd50000 - 0x0000022b1cd53000 	C:\Users\hp\.openjfx\cache\21+31\amd64\api-ms-win-core-localization-l1-2-0.dll
0x0000022b1cd60000 - 0x0000022b1cd63000 	C:\Users\hp\.openjfx\cache\21+31\amd64\api-ms-win-core-memory-l1-1-0.dll
0x0000022b1cd70000 - 0x0000022b1cd73000 	C:\Users\hp\.openjfx\cache\21+31\amd64\api-ms-win-core-namedpipe-l1-1-0.dll
0x0000022b1cd80000 - 0x0000022b1cd83000 	C:\Users\hp\.openjfx\cache\21+31\amd64\api-ms-win-core-processenvironment-l1-1-0.dll
0x0000022b1cd90000 - 0x0000022b1cd93000 	C:\Users\hp\.openjfx\cache\21+31\amd64\api-ms-win-core-processthreads-l1-1-0.dll
0x0000022b1cda0000 - 0x0000022b1cda3000 	C:\Users\hp\.openjfx\cache\21+31\amd64\api-ms-win-core-processthreads-l1-1-1.dll
0x0000022b1cdb0000 - 0x0000022b1cdb3000 	C:\Users\hp\.openjfx\cache\21+31\amd64\api-ms-win-core-profile-l1-1-0.dll
0x0000022b1cdc0000 - 0x0000022b1cdc3000 	C:\Users\hp\.openjfx\cache\21+31\amd64\api-ms-win-core-rtlsupport-l1-1-0.dll
0x0000022b1cdd0000 - 0x0000022b1cdd3000 	C:\Users\hp\.openjfx\cache\21+31\amd64\api-ms-win-core-string-l1-1-0.dll
0x0000022b1cde0000 - 0x0000022b1cde3000 	C:\Users\hp\.openjfx\cache\21+31\amd64\api-ms-win-core-synch-l1-1-0.dll
0x0000022b1cdf0000 - 0x0000022b1cdf3000 	C:\Users\hp\.openjfx\cache\21+31\amd64\api-ms-win-core-synch-l1-2-0.dll
0x0000022b1ce00000 - 0x0000022b1ce03000 	C:\Users\hp\.openjfx\cache\21+31\amd64\api-ms-win-core-sysinfo-l1-1-0.dll
0x0000022b1ce10000 - 0x0000022b1ce13000 	C:\Users\hp\.openjfx\cache\21+31\amd64\api-ms-win-core-timezone-l1-1-0.dll
0x0000022b1ce20000 - 0x0000022b1ce23000 	C:\Users\hp\.openjfx\cache\21+31\amd64\api-ms-win-core-util-l1-1-0.dll
0x0000022b1ce30000 - 0x0000022b1ce33000 	C:\Users\hp\.openjfx\cache\21+31\amd64\api-ms-win-crt-conio-l1-1-0.dll
0x0000022b1ce40000 - 0x0000022b1ce44000 	C:\Users\hp\.openjfx\cache\21+31\amd64\api-ms-win-crt-convert-l1-1-0.dll
0x0000022b1ce50000 - 0x0000022b1ce53000 	C:\Users\hp\.openjfx\cache\21+31\amd64\api-ms-win-crt-environment-l1-1-0.dll
0x0000022b1ce60000 - 0x0000022b1ce63000 	C:\Users\hp\.openjfx\cache\21+31\amd64\api-ms-win-crt-filesystem-l1-1-0.dll
0x0000022b1ce70000 - 0x0000022b1ce73000 	C:\Users\hp\.openjfx\cache\21+31\amd64\api-ms-win-crt-heap-l1-1-0.dll
0x0000022b1ce80000 - 0x0000022b1ce83000 	C:\Users\hp\.openjfx\cache\21+31\amd64\api-ms-win-crt-locale-l1-1-0.dll
0x0000022b1ce90000 - 0x0000022b1ce95000 	C:\Users\hp\.openjfx\cache\21+31\amd64\api-ms-win-crt-math-l1-1-0.dll
0x0000022b1cea0000 - 0x0000022b1cea5000 	C:\Users\hp\.openjfx\cache\21+31\amd64\api-ms-win-crt-multibyte-l1-1-0.dll
0x0000022b1ceb0000 - 0x0000022b1cec0000 	C:\Users\hp\.openjfx\cache\21+31\amd64\api-ms-win-crt-private-l1-1-0.dll
0x0000022b1cec0000 - 0x0000022b1cec3000 	C:\Users\hp\.openjfx\cache\21+31\amd64\api-ms-win-crt-process-l1-1-0.dll
0x0000022b1ced0000 - 0x0000022b1ced4000 	C:\Users\hp\.openjfx\cache\21+31\amd64\api-ms-win-crt-runtime-l1-1-0.dll
0x0000022b1cee0000 - 0x0000022b1cee4000 	C:\Users\hp\.openjfx\cache\21+31\amd64\api-ms-win-crt-stdio-l1-1-0.dll
0x0000022b1cef0000 - 0x0000022b1cef4000 	C:\Users\hp\.openjfx\cache\21+31\amd64\api-ms-win-crt-string-l1-1-0.dll
0x0000022b1cf00000 - 0x0000022b1cf03000 	C:\Users\hp\.openjfx\cache\21+31\amd64\api-ms-win-crt-time-l1-1-0.dll
0x0000022b1cf10000 - 0x0000022b1cf13000 	C:\Users\hp\.openjfx\cache\21+31\amd64\api-ms-win-crt-utility-l1-1-0.dll
0x00007ffe4f5b0000 - 0x00007ffe4f6ac000 	C:\Users\hp\.openjfx\cache\21+31\amd64\ucrtbase.dll
0x00007ffe5de60000 - 0x00007ffe5de7b000 	C:\Users\hp\.openjfx\cache\21+31\amd64\vcruntime140.dll
0x00007ffe5ddb0000 - 0x00007ffe5ddbc000 	C:\Users\hp\.openjfx\cache\21+31\amd64\vcruntime140_1.dll
0x00007ffe36150000 - 0x00007ffe361de000 	C:\Users\hp\.openjfx\cache\21+31\amd64\msvcp140.dll
0x00007ffe60f40000 - 0x00007ffe6106b000 	C:\Windows\System32\ole32.dll
0x00007ffe5b750000 - 0x00007ffe5b759000 	C:\Users\hp\.openjfx\cache\21+31\amd64\msvcp140_1.dll
0x00007ffe5aa50000 - 0x00007ffe5aa7f000 	C:\Users\hp\.openjfx\cache\21+31\amd64\msvcp140_2.dll
0x00007ffe5a9d0000 - 0x00007ffe5a9ff000 	C:\Users\hp\.openjfx\cache\21+31\amd64\prism_d3d.dll
0x00007ffe4fa10000 - 0x00007ffe4fbe1000 	C:\Windows\system32\d3d9.dll
0x00007ffe5cc10000 - 0x00007ffe5cc3f000 	C:\Windows\SYSTEM32\dwmapi.dll
0x00007ffe5ca60000 - 0x00007ffe5cafe000 	C:\Windows\system32\uxtheme.dll
0x00007ffe294f0000 - 0x00007ffe2969f000 	C:\Windows\System32\DriverStore\FileRepository\iigd_dch.inf_amd64_51f685305808e3a5\igdumdim64.dll
0x00007ffe12190000 - 0x00007ffe15233000 	C:\Windows\System32\DriverStore\FileRepository\iigd_dch.inf_amd64_51f685305808e3a5\igd9dxva64.dll
0x00007ffe61980000 - 0x00007ffe61df0000 	C:\Windows\System32\SETUPAPI.dll
0x00007ffe605b0000 - 0x00007ffe605fe000 	C:\Windows\System32\cfgmgr32.dll
0x00007ffe54cd0000 - 0x00007ffe550d9000 	C:\Windows\System32\DriverStore\FileRepository\iigd_dch.inf_amd64_51f685305808e3a5\igdgmm64.dll
0x00007ffe50aa0000 - 0x00007ffe50ae2000 	C:\Users\hp\.openjfx\cache\21+31\amd64\glass.dll
0x00007ffe62870000 - 0x00007ffe6294a000 	C:\Windows\System32\COMDLG32.dll
0x00007ffe61df0000 - 0x00007ffe61f05000 	C:\Windows\System32\MSCTF.dll
0x00007ffe06d10000 - 0x00007ffe06d37000 	C:\Windows\System32\DriverStore\FileRepository\iigd_dch.inf_amd64_51f685305808e3a5\igdinfo64.dll
0x00007ffe51530000 - 0x00007ffe54cc4000 	C:\Windows\System32\DriverStore\FileRepository\iigd_dch.inf_amd64_51f685305808e3a5\igc64.dll
0x00007ffe55b20000 - 0x00007ffe55b5b000 	C:\Windows\SYSTEM32\dxcore.dll
0x00007ffe5b6f0000 - 0x00007ffe5b704000 	C:\Users\hp\.openjfx\cache\21+31\amd64\javafx_font.dll
0x00007ffe4db10000 - 0x00007ffe4dd8f000 	C:\Windows\SYSTEM32\dwrite.dll
0x00007ffe61090000 - 0x00007ffe61139000 	C:\Windows\System32\clbcatq.dll
0x00007ffe5c810000 - 0x00007ffe5c9c6000 	C:\Windows\SYSTEM32\WindowsCodecs.dll
0x00007ffe43bc0000 - 0x00007ffe43bfe000 	C:\Windows\system32\dataexchange.dll
0x00007ffe59940000 - 0x00007ffe59ba4000 	C:\Windows\system32\d3d11.dll
0x00007ffe5a170000 - 0x00007ffe5a354000 	C:\Windows\system32\dcomp.dll
0x00007ffe5e280000 - 0x00007ffe5e376000 	C:\Windows\system32\dxgi.dll
0x00007ffe580e0000 - 0x00007ffe582e3000 	C:\Windows\system32\twinapi.appcore.dll
0x00007ffe50250000 - 0x00007ffe50284000 	C:\Program Files\Common Files\Microsoft Shared\Ink\rtscom.dll
0x00007ffe505a0000 - 0x00007ffe50699000 	C:\Windows\SYSTEM32\textinputframework.dll
0x00007ffe5ac70000 - 0x00007ffe5afcb000 	C:\Windows\System32\CoreUIComponents.dll
0x00007ffe5afd0000 - 0x00007ffe5b0c2000 	C:\Windows\System32\CoreMessaging.dll
0x00007ffe5bc40000 - 0x00007ffe5bd97000 	C:\Windows\SYSTEM32\wintypes.dll
0x00007ffe5fdf0000 - 0x00007ffe5fe23000 	C:\Windows\SYSTEM32\ntmarta.dll
0x00007ffe5fe30000 - 0x00007ffe5fe48000 	C:\Windows\SYSTEM32\CRYPTSP.dll
0x00007ffe5eaa0000 - 0x00007ffe5ead8000 	C:\Windows\system32\rsaenh.dll
0x00007ffe5ffb0000 - 0x00007ffe5ffde000 	C:\Windows\SYSTEM32\USERENV.dll

dbghelp: loaded successfully - version: 4.0.5 - missing functions: none
symbol engine: initialized successfully - sym options: 0x614 - pdb path: .;C:\Program Files\Java\jdk-17\bin;C:\Windows\SYSTEM32;C:\Windows\WinSxS\amd64_microsoft.windows.common-controls_6595b64144ccf1df_6.0.19041.5915_none_60b4b9d171f9c7c7;C:\Program Files\Java\jdk-17\bin\server;C:\Users\hp\.openjfx\cache\21+31\amd64;C:\Windows\System32\DriverStore\FileRepository\iigd_dch.inf_amd64_51f685305808e3a5;C:\Program Files\Common Files\Microsoft Shared\Ink;C:\Users\hp\AppData\Local\Temp

VM Arguments:
jvm_args: --module-path=E:\cloud-load-balancer\gui-app\target\classes;C:\Users\hp\.m2\repository\org\openjfx\javafx-base\21\javafx-base-21-win.jar;C:\Users\hp\.m2\repository\org\openjfx\javafx-controls\21\javafx-controls-21-win.jar;C:\Users\hp\.m2\repository\org\openjfx\javafx-fxml\21\javafx-fxml-21-win.jar;C:\Users\hp\.m2\repository\org\openjfx\javafx-graphics\21\javafx-graphics-21-win.jar --add-modules=com.gui.app -Djdk.module.main=com.gui.app 
java_command: com.gui.app/com.gui.app.App
java_class_path (initial): C:\Users\hp\.m2\repository\org\openjfx\javafx-base\21\javafx-base-21.jar;C:\Users\hp\.m2\repository\org\openjfx\javafx-controls\21\javafx-controls-21.jar;C:\Users\hp\.m2\repository\org\openjfx\javafx-fxml\21\javafx-fxml-21.jar;C:\Users\hp\.m2\repository\org\openjfx\javafx-graphics\21\javafx-graphics-21.jar;C:\Users\hp\.m2\repository\org\xerial\sqlite-jdbc\3.40.0.0\sqlite-jdbc-3.40.0.0.jar
Launcher Type: SUN_STANDARD

[Global flags]
     intx CICompilerCount                          = 3                                         {product} {ergonomic}
     uint ConcGCThreads                            = 1                                         {product} {ergonomic}
     uint G1ConcRefinementThreads                  = 4                                         {product} {ergonomic}
   size_t G1HeapRegionSize                         = 1048576                                   {product} {ergonomic}
    uintx GCDrainStackTargetSize                   = 64                                        {product} {ergonomic}
   size_t InitialHeapSize                          = 134217728                                 {product} {ergonomic}
   size_t MarkStackSize                            = 4194304                                   {product} {ergonomic}
   size_t MaxHeapSize                              = 2124414976                                {product} {ergonomic}
   size_t MaxNewSize                               = 1274019840                                {product} {ergonomic}
   size_t MinHeapDeltaBytes                        = 1048576                                   {product} {ergonomic}
   size_t MinHeapSize                              = 8388608                                   {product} {ergonomic}
    uintx NonNMethodCodeHeapSize                   = 5832780                                {pd product} {ergonomic}
    uintx NonProfiledCodeHeapSize                  = 122912730                              {pd product} {ergonomic}
    uintx ProfiledCodeHeapSize                     = 122912730                              {pd product} {ergonomic}
    uintx ReservedCodeCacheSize                    = 251658240                              {pd product} {ergonomic}
     bool SegmentedCodeCache                       = true                                      {product} {ergonomic}
   size_t SoftMaxHeapSize                          = 2124414976                             {manageable} {ergonomic}
     bool UseCompressedClassPointers               = true                           {product lp64_product} {ergonomic}
     bool UseCompressedOops                        = true                           {product lp64_product} {ergonomic}
     bool UseG1GC                                  = true                                      {product} {ergonomic}
     bool UseLargePagesIndividualAllocation        = false                                  {pd product} {ergonomic}

Logging:
Log output configuration:
 #0: stdout all=warning uptime,level,tags
 #1: stderr all=off uptime,level,tags

Environment Variables:
JAVA_HOME=C:\Program Files\Java\jdk-17
CLASSPATH=C:\Program Files\IBM\MQ\java\lib\com.ibm.mqjms.jar;C:\Program Files\IBM\MQ\java\lib\com.ibm.mq.jar
PATH=C:\Program Files\IBM\MQ\java\lib;C:\Program Files\IBM\MQ\java\lib64;C:\Program Files\Common Files\Oracle\Java\javapath;C:\Windows\system32;C:\Windows;C:\Windows\System32\Wbem;C:\Windows\System32\WindowsPowerShell\v1.0\;C:\Windows\System32\OpenSSH\;C:\Program Files\Git\cmd;C:\Program Files\IBM\MQ\bin64;C:\Program Files\IBM\MQ\bin;C:\Program Files\IBM\MQ\tools\c\samples\bin64;C:\Program Files\IBM\MQ\tools\c\samples\bin;C:\Program Files\apache-maven-4.0.0-rc-4\bin;C:\Program Files\Kubernetes\Minikube;;C:\Program Files\Docker\Docker\resources\bin;C:\Users\hp\AppData\Local\Microsoft\WindowsApps;;C:\Program Files\JetBrains\IntelliJ IDEA Community Edition 2025.1\bin;
USERNAME=hp
OS=Windows_NT
PROCESSOR_IDENTIFIER=Intel64 Family 6 Model 142 Stepping 10, GenuineIntel



---------------  S Y S T E M  ---------------

OS:
 Windows 10 , 64 bit Build 19041 (10.0.19041.5915)
OS uptime: 3 days 19:50 hours
Hyper-V role detected

CPU: total 4 (initial active 4) (2 cores per cpu, 2 threads per core) family 6 model 142 stepping 10 microcode 0xe0, cx8, cmov, fxsr, ht, mmx, 3dnowpref, sse, sse2, sse3, ssse3, sse4.1, sse4.2, popcnt, lzcnt, tsc, tscinvbit, avx, avx2, aes, erms, clmul, bmi1, bmi2, adx, fma, vzeroupper, clflush, clflushopt, hv

Memory: 4k page, system-wide physical 8103M (614M free)
TotalPageFile size 32679M (AvailPageFile size 3M)
current process WorkingSet (physical memory assigned to process): 193M, peak: 218M
current process commit charge ("private bytes"): 285M, peak: 293M

vm_info: Java HotSpot(TM) 64-Bit Server VM (17.0.15+9-LTS-241) for windows-amd64 JRE (17.0.15+9-LTS-241), built on Feb 20 2025 10:49:54 by "mach5one" with MS VC++ 17.6 (VS2022)

END.
