#
# There is insufficient memory for the Java Runtime Environment to continue.
# Native memory allocation (malloc) failed to allocate 626496 bytes for Chunk::new
# Possible reasons:
#   The system is out of physical RAM or swap space
#   The process is running with CompressedOops enabled, and the Java Heap may be blocking the growth of the native heap
# Possible solutions:
#   Reduce memory load on the system
#   Increase physical memory or swap space
#   Check if swap backing store is full
#   Decrease Java heap size (-Xmx/-Xms)
#   Decrease number of Java threads
#   Decrease Java thread stack sizes (-Xss)
#   Set larger code cache with -XX:ReservedCodeCacheSize=
#   JVM is running with Unscaled Compressed Oops mode in which the Java heap is
#     placed in the first 4GB address space. The Java Heap base address is the
#     maximum limit for the native heap growth. Please use -XX:HeapBaseMinAddress
#     to set the Java Heap base and to place the Java Heap above 4GB virtual address.
# This output file may be truncated or incomplete.
#
#  Out of Memory Error (arena.cpp:189), pid=7184, tid=17796
#
# JRE version: Java(TM) SE Runtime Environment (17.0.15+9) (build 17.0.15+9-LTS-241)
# Java VM: Java HotSpot(TM) 64-Bit Server VM (17.0.15+9-LTS-241, mixed mode, sharing, tiered, compressed oops, compressed class ptrs, g1 gc, windows-amd64)
# No core dump will be written. Minidumps are not enabled by default on client versions of Windows
#

---------------  S U M M A R Y ------------

Command Line: --module-path=E:\cloud-load-balancer\gui-app\target\classes;C:\Users\hp\.m2\repository\org\openjfx\javafx-base\21\javafx-base-21-win.jar;C:\Users\hp\.m2\repository\org\openjfx\javafx-controls\21\javafx-controls-21-win.jar;C:\Users\hp\.m2\repository\org\openjfx\javafx-fxml\21\javafx-fxml-21-win.jar;C:\Users\hp\.m2\repository\org\openjfx\javafx-graphics\21\javafx-graphics-21-win.jar --add-modules=com.gui.app -Djdk.module.main=com.gui.app com.gui.app/com.gui.app.App

Host: Intel(R) Core(TM) i3-7020U CPU @ 2.30GHz, 4 cores, 7G,  Windows 10 , 64 bit Build 19041 (10.0.19041.5915)
Time: Wed Jul 23 20:40:03 2025 India Standard Time elapsed time: 644.194396 seconds (0d 0h 10m 44s)

---------------  T H R E A D  ---------------

Current thread (0x0000021ef39767e0):  JavaThread "C2 CompilerThread0" daemon [_thread_in_native, id=17796, stack(0x000000eca9800000,0x000000eca9900000)]


Current CompileTask:
C2: 644194 4771       4       com.sun.javafx.css.SelectorPartitioning::match (696 bytes)

Stack: [0x000000eca9800000,0x000000eca9900000]
Native frames: (J=compiled Java code, j=interpreted, Vv=VM code, C=native code)
V  [jvm.dll+0x67a46a]
V  [jvm.dll+0x7da6ad]
V  [jvm.dll+0x7dbff3]
V  [jvm.dll+0x7dc663]
V  [jvm.dll+0x24523f]
V  [jvm.dll+0xab763]
V  [jvm.dll+0xabd2c]
V  [jvm.dll+0x2aa6df]
V  [jvm.dll+0x5822c9]
V  [jvm.dll+0x21f5d2]
V  [jvm.dll+0x21852b]
V  [jvm.dll+0x215d15]
V  [jvm.dll+0x1a2a00]
V  [jvm.dll+0x2262bb]
V  [jvm.dll+0x22445b]
V  [jvm.dll+0x790acc]
V  [jvm.dll+0x78b0ba]
V  [jvm.dll+0x679355]
C  [ucrtbase.dll+0x21bb2]
C  [KERNEL32.DLL+0x17374]
C  [ntdll.dll+0x4cc91]


---------------  P R O C E S S  ---------------

Threads class SMR info:
_java_thread_list=0x0000021ef80e8e80, length=19, elements={
0x0000021ed6076f90, 0x0000021ef395ce30, 0x0000021ef395dca0, 0x0000021ef39729e0,
0x0000021ef39747a0, 0x0000021ef3975150, 0x0000021ef3975b00, 0x0000021ef39767e0,
0x0000021ef3977280, 0x0000021ef39ae420, 0x0000021ef39fe390, 0x0000021ef3cdc080,
0x0000021ef3ecd3e0, 0x0000021ef86bbe30, 0x0000021ef86f8060, 0x0000021ef8971060,
0x0000021ef87ea360, 0x0000021ef8fc46f0, 0x0000021ef8fc33b0
}

Java Threads: ( => current thread )
  0x0000021ed6076f90 JavaThread "main" [_thread_blocked, id=3244, stack(0x000000eca8b00000,0x000000eca8c00000)]
  0x0000021ef395ce30 JavaThread "Reference Handler" daemon [_thread_blocked, id=18068, stack(0x000000eca9200000,0x000000eca9300000)]
  0x0000021ef395dca0 JavaThread "Finalizer" daemon [_thread_blocked, id=4708, stack(0x000000eca9300000,0x000000eca9400000)]
  0x0000021ef39729e0 JavaThread "Signal Dispatcher" daemon [_thread_blocked, id=2292, stack(0x000000eca9400000,0x000000eca9500000)]
  0x0000021ef39747a0 JavaThread "Attach Listener" daemon [_thread_blocked, id=12012, stack(0x000000eca9500000,0x000000eca9600000)]
  0x0000021ef3975150 JavaThread "Service Thread" daemon [_thread_blocked, id=10368, stack(0x000000eca9600000,0x000000eca9700000)]
  0x0000021ef3975b00 JavaThread "Monitor Deflation Thread" daemon [_thread_blocked, id=11124, stack(0x000000eca9700000,0x000000eca9800000)]
=>0x0000021ef39767e0 JavaThread "C2 CompilerThread0" daemon [_thread_in_native, id=17796, stack(0x000000eca9800000,0x000000eca9900000)]
  0x0000021ef3977280 JavaThread "C1 CompilerThread0" daemon [_thread_blocked, id=3708, stack(0x000000eca9900000,0x000000eca9a00000)]
  0x0000021ef39ae420 JavaThread "Sweeper thread" daemon [_thread_blocked, id=4776, stack(0x000000eca9a00000,0x000000eca9b00000)]
  0x0000021ef39fe390 JavaThread "Common-Cleaner" daemon [_thread_blocked, id=332, stack(0x000000eca9b00000,0x000000eca9c00000)]
  0x0000021ef3cdc080 JavaThread "Notification Thread" daemon [_thread_blocked, id=15900, stack(0x000000eca9d00000,0x000000eca9e00000)]
  0x0000021ef3ecd3e0 JavaThread "QuantumRenderer-0" daemon [_thread_blocked, id=17564, stack(0x000000eca9c00000,0x000000eca9d00000)]
  0x0000021ef86bbe30 JavaThread "InvokeLaterDispatcher" daemon [_thread_blocked, id=9524, stack(0x000000ecaa200000,0x000000ecaa300000)]
  0x0000021ef86f8060 JavaThread "JavaFX Application Thread" [_thread_in_native, id=16204, stack(0x000000ecaa300000,0x000000ecaa400000)]
  0x0000021ef8971060 JavaThread "Thread-1" daemon [_thread_in_native, id=19260, stack(0x000000ecaa700000,0x000000ecaa800000)]
  0x0000021ef87ea360 JavaThread "JavaFX-Launcher" [_thread_blocked, id=14692, stack(0x000000ecaa800000,0x000000ecaa900000)]
  0x0000021ef8fc46f0 JavaThread "Prism Font Disposer" daemon [_thread_blocked, id=12544, stack(0x000000ecaad00000,0x000000ecaae00000)]
  0x0000021ef8fc33b0 JavaThread "Cleaner-0" daemon [_thread_blocked, id=18676, stack(0x000000ecaa900000,0x000000ecaaa00000)]

Other Threads:
  0x0000021ef3957960 VMThread "VM Thread" [stack: 0x000000eca9100000,0x000000eca9200000] [id=14092]
  0x0000021ed60edf80 WatcherThread [stack: 0x000000eca9e00000,0x000000eca9f00000] [id=16944]
  0x0000021ed60d23e0 GCTaskThread "GC Thread#0" [stack: 0x000000eca8c00000,0x000000eca8d00000] [id=2020]
  0x0000021ef8679e50 GCTaskThread "GC Thread#1" [stack: 0x000000eca9f00000,0x000000ecaa000000] [id=8704]
  0x0000021ef867a110 GCTaskThread "GC Thread#2" [stack: 0x000000ecaa000000,0x000000ecaa100000] [id=9584]
  0x0000021ef86bf030 GCTaskThread "GC Thread#3" [stack: 0x000000ecaa100000,0x000000ecaa200000] [id=18372]
  0x0000021ed60e4080 ConcurrentGCThread "G1 Main Marker" [stack: 0x000000eca8d00000,0x000000eca8e00000] [id=1532]
  0x0000021ed60e5230 ConcurrentGCThread "G1 Conc#0" [stack: 0x000000eca8e00000,0x000000eca8f00000] [id=6096]
  0x0000021ed614e110 ConcurrentGCThread "G1 Refine#0" [stack: 0x000000eca8f00000,0x000000eca9000000] [id=7104]
  0x0000021ed614eb40 ConcurrentGCThread "G1 Service" [stack: 0x000000eca9000000,0x000000eca9100000] [id=14616]

Threads with active compile tasks:
C2 CompilerThread0   644338 4771       4       com.sun.javafx.css.SelectorPartitioning::match (696 bytes)

VM state: not at safepoint (normal execution)

VM Mutex/Monitor currently owned by a thread: None

Heap address: 0x0000000081600000, size: 2026 MB, Compressed Oops mode: 32-bit

CDS archive(s) mapped at: [0x0000021e80000000-0x0000021e80bd0000-0x0000021e80bd0000), size 12386304, SharedBaseAddress: 0x0000021e80000000, ArchiveRelocationMode: 1.
Compressed class space mapped at: 0x0000021e81000000-0x0000021ec1000000, reserved size: 1073741824
Narrow klass base: 0x0000021e80000000, Narrow klass shift: 0, Narrow klass range: 0x100000000

GC Precious Log:
 CPUs: 4 total, 4 available
 Memory: 8103M
 Large Page Support: Disabled
 NUMA Support: Disabled
 Compressed Oops: Enabled (32-bit)
 Heap Region Size: 1M
 Heap Min Capacity: 8M
 Heap Initial Capacity: 128M
 Heap Max Capacity: 2026M
 Pre-touch: Disabled
 Parallel Workers: 4
 Concurrent Workers: 1
 Concurrent Refinement Workers: 4
 Periodic GC: Disabled

Heap:
 garbage-first heap   total 131072K, used 35536K [0x0000000081600000, 0x0000000100000000)
  region size 1024K, 32 young (32768K), 8 survivors (8192K)
 Metaspace       used 20596K, committed 20928K, reserved 1114112K
  class space    used 2977K, committed 3136K, reserved 1048576K

Heap Regions: E=young(eden), S=young(survivor), O=old, HS=humongous(starts), HC=humongous(continues), CS=collection set, F=free, OA=open archive, CA=closed archive, TAMS=top-at-mark-start (previous, next)
|   0|0x0000000081600000, 0x0000000081700000, 0x0000000081700000|100%| O|  |TAMS 0x0000000081600000, 0x0000000081600000| Untracked 
|   1|0x0000000081700000, 0x00000000817bbe00, 0x0000000081800000| 73%| O|  |TAMS 0x0000000081700000, 0x0000000081700000| Untracked 
|   2|0x0000000081800000, 0x0000000081900000, 0x0000000081900000|100%|HS|  |TAMS 0x0000000081800000, 0x0000000081800000| Complete 
|   3|0x0000000081900000, 0x0000000081a00000, 0x0000000081a00000|100%|HC|  |TAMS 0x0000000081900000, 0x0000000081900000| Complete 
|   4|0x0000000081a00000, 0x0000000081a00000, 0x0000000081b00000|  0%| F|  |TAMS 0x0000000081a00000, 0x0000000081a00000| Untracked 
|   5|0x0000000081b00000, 0x0000000081b00000, 0x0000000081c00000|  0%| F|  |TAMS 0x0000000081b00000, 0x0000000081b00000| Untracked 
|   6|0x0000000081c00000, 0x0000000081c00000, 0x0000000081d00000|  0%| F|  |TAMS 0x0000000081c00000, 0x0000000081c00000| Untracked 
|   7|0x0000000081d00000, 0x0000000081d00000, 0x0000000081e00000|  0%| F|  |TAMS 0x0000000081d00000, 0x0000000081d00000| Untracked 
|   8|0x0000000081e00000, 0x0000000081e00000, 0x0000000081f00000|  0%| F|  |TAMS 0x0000000081e00000, 0x0000000081e00000| Untracked 
|   9|0x0000000081f00000, 0x0000000081f00000, 0x0000000082000000|  0%| F|  |TAMS 0x0000000081f00000, 0x0000000081f00000| Untracked 
|  10|0x0000000082000000, 0x0000000082000000, 0x0000000082100000|  0%| F|  |TAMS 0x0000000082000000, 0x0000000082000000| Untracked 
|  11|0x0000000082100000, 0x0000000082100000, 0x0000000082200000|  0%| F|  |TAMS 0x0000000082100000, 0x0000000082100000| Untracked 
|  12|0x0000000082200000, 0x0000000082200000, 0x0000000082300000|  0%| F|  |TAMS 0x0000000082200000, 0x0000000082200000| Untracked 
|  13|0x0000000082300000, 0x0000000082300000, 0x0000000082400000|  0%| F|  |TAMS 0x0000000082300000, 0x0000000082300000| Untracked 
|  14|0x0000000082400000, 0x0000000082400000, 0x0000000082500000|  0%| F|  |TAMS 0x0000000082400000, 0x0000000082400000| Untracked 
|  15|0x0000000082500000, 0x0000000082500000, 0x0000000082600000|  0%| F|  |TAMS 0x0000000082500000, 0x0000000082500000| Untracked 
|  16|0x0000000082600000, 0x0000000082600000, 0x0000000082700000|  0%| F|  |TAMS 0x0000000082600000, 0x0000000082600000| Untracked 
|  17|0x0000000082700000, 0x0000000082700000, 0x0000000082800000|  0%| F|  |TAMS 0x0000000082700000, 0x0000000082700000| Untracked 
|  18|0x0000000082800000, 0x0000000082800000, 0x0000000082900000|  0%| F|  |TAMS 0x0000000082800000, 0x0000000082800000| Untracked 
|  19|0x0000000082900000, 0x0000000082900000, 0x0000000082a00000|  0%| F|  |TAMS 0x0000000082900000, 0x0000000082900000| Untracked 
|  20|0x0000000082a00000, 0x0000000082a00000, 0x0000000082b00000|  0%| F|  |TAMS 0x0000000082a00000, 0x0000000082a00000| Untracked 
|  21|0x0000000082b00000, 0x0000000082b00000, 0x0000000082c00000|  0%| F|  |TAMS 0x0000000082b00000, 0x0000000082b00000| Untracked 
|  22|0x0000000082c00000, 0x0000000082c00000, 0x0000000082d00000|  0%| F|  |TAMS 0x0000000082c00000, 0x0000000082c00000| Untracked 
|  23|0x0000000082d00000, 0x0000000082d00000, 0x0000000082e00000|  0%| F|  |TAMS 0x0000000082d00000, 0x0000000082d00000| Untracked 
|  24|0x0000000082e00000, 0x0000000082e00000, 0x0000000082f00000|  0%| F|  |TAMS 0x0000000082e00000, 0x0000000082e00000| Untracked 
|  25|0x0000000082f00000, 0x0000000082f00000, 0x0000000083000000|  0%| F|  |TAMS 0x0000000082f00000, 0x0000000082f00000| Untracked 
|  26|0x0000000083000000, 0x0000000083000000, 0x0000000083100000|  0%| F|  |TAMS 0x0000000083000000, 0x0000000083000000| Untracked 
|  27|0x0000000083100000, 0x0000000083100000, 0x0000000083200000|  0%| F|  |TAMS 0x0000000083100000, 0x0000000083100000| Untracked 
|  28|0x0000000083200000, 0x0000000083200000, 0x0000000083300000|  0%| F|  |TAMS 0x0000000083200000, 0x0000000083200000| Untracked 
|  29|0x0000000083300000, 0x0000000083300000, 0x0000000083400000|  0%| F|  |TAMS 0x0000000083300000, 0x0000000083300000| Untracked 
|  30|0x0000000083400000, 0x0000000083400000, 0x0000000083500000|  0%| F|  |TAMS 0x0000000083400000, 0x0000000083400000| Untracked 
|  31|0x0000000083500000, 0x0000000083500000, 0x0000000083600000|  0%| F|  |TAMS 0x0000000083500000, 0x0000000083500000| Untracked 
|  32|0x0000000083600000, 0x0000000083600000, 0x0000000083700000|  0%| F|  |TAMS 0x0000000083600000, 0x0000000083600000| Untracked 
|  33|0x0000000083700000, 0x0000000083700000, 0x0000000083800000|  0%| F|  |TAMS 0x0000000083700000, 0x0000000083700000| Untracked 
|  34|0x0000000083800000, 0x0000000083800000, 0x0000000083900000|  0%| F|  |TAMS 0x0000000083800000, 0x0000000083800000| Untracked 
|  35|0x0000000083900000, 0x0000000083900000, 0x0000000083a00000|  0%| F|  |TAMS 0x0000000083900000, 0x0000000083900000| Untracked 
|  36|0x0000000083a00000, 0x0000000083a00000, 0x0000000083b00000|  0%| F|  |TAMS 0x0000000083a00000, 0x0000000083a00000| Untracked 
|  37|0x0000000083b00000, 0x0000000083b00000, 0x0000000083c00000|  0%| F|  |TAMS 0x0000000083b00000, 0x0000000083b00000| Untracked 
|  38|0x0000000083c00000, 0x0000000083c00000, 0x0000000083d00000|  0%| F|  |TAMS 0x0000000083c00000, 0x0000000083c00000| Untracked 
|  39|0x0000000083d00000, 0x0000000083d00000, 0x0000000083e00000|  0%| F|  |TAMS 0x0000000083d00000, 0x0000000083d00000| Untracked 
|  40|0x0000000083e00000, 0x0000000083e00000, 0x0000000083f00000|  0%| F|  |TAMS 0x0000000083e00000, 0x0000000083e00000| Untracked 
|  41|0x0000000083f00000, 0x0000000083f00000, 0x0000000084000000|  0%| F|  |TAMS 0x0000000083f00000, 0x0000000083f00000| Untracked 
|  42|0x0000000084000000, 0x0000000084000000, 0x0000000084100000|  0%| F|  |TAMS 0x0000000084000000, 0x0000000084000000| Untracked 
|  43|0x0000000084100000, 0x0000000084100000, 0x0000000084200000|  0%| F|  |TAMS 0x0000000084100000, 0x0000000084100000| Untracked 
|  44|0x0000000084200000, 0x00000000842f84b8, 0x0000000084300000| 96%| S|CS|TAMS 0x0000000084200000, 0x0000000084200000| Complete 
|  45|0x0000000084300000, 0x0000000084400000, 0x0000000084400000|100%| S|CS|TAMS 0x0000000084300000, 0x0000000084300000| Complete 
|  46|0x0000000084400000, 0x0000000084500000, 0x0000000084500000|100%| S|CS|TAMS 0x0000000084400000, 0x0000000084400000| Complete 
|  47|0x0000000084500000, 0x0000000084600000, 0x0000000084600000|100%| S|CS|TAMS 0x0000000084500000, 0x0000000084500000| Complete 
|  48|0x0000000084600000, 0x0000000084700000, 0x0000000084700000|100%| S|CS|TAMS 0x0000000084600000, 0x0000000084600000| Complete 
|  49|0x0000000084700000, 0x0000000084800000, 0x0000000084800000|100%| S|CS|TAMS 0x0000000084700000, 0x0000000084700000| Complete 
|  50|0x0000000084800000, 0x0000000084900000, 0x0000000084900000|100%| S|CS|TAMS 0x0000000084800000, 0x0000000084800000| Complete 
|  51|0x0000000084900000, 0x0000000084a00000, 0x0000000084a00000|100%| S|CS|TAMS 0x0000000084900000, 0x0000000084900000| Complete 
|  52|0x0000000084a00000, 0x0000000084a00000, 0x0000000084b00000|  0%| F|  |TAMS 0x0000000084a00000, 0x0000000084a00000| Untracked 
|  53|0x0000000084b00000, 0x0000000084b00000, 0x0000000084c00000|  0%| F|  |TAMS 0x0000000084b00000, 0x0000000084b00000| Untracked 
|  54|0x0000000084c00000, 0x0000000084c00000, 0x0000000084d00000|  0%| F|  |TAMS 0x0000000084c00000, 0x0000000084c00000| Untracked 
|  55|0x0000000084d00000, 0x0000000084d00000, 0x0000000084e00000|  0%| F|  |TAMS 0x0000000084d00000, 0x0000000084d00000| Untracked 
|  56|0x0000000084e00000, 0x0000000084e00000, 0x0000000084f00000|  0%| F|  |TAMS 0x0000000084e00000, 0x0000000084e00000| Untracked 
|  57|0x0000000084f00000, 0x0000000084f00000, 0x0000000085000000|  0%| F|  |TAMS 0x0000000084f00000, 0x0000000084f00000| Untracked 
|  58|0x0000000085000000, 0x0000000085000000, 0x0000000085100000|  0%| F|  |TAMS 0x0000000085000000, 0x0000000085000000| Untracked 
|  59|0x0000000085100000, 0x0000000085100000, 0x0000000085200000|  0%| F|  |TAMS 0x0000000085100000, 0x0000000085100000| Untracked 
|  60|0x0000000085200000, 0x0000000085200000, 0x0000000085300000|  0%| F|  |TAMS 0x0000000085200000, 0x0000000085200000| Untracked 
|  61|0x0000000085300000, 0x0000000085300000, 0x0000000085400000|  0%| F|  |TAMS 0x0000000085300000, 0x0000000085300000| Untracked 
|  62|0x0000000085400000, 0x0000000085400000, 0x0000000085500000|  0%| F|  |TAMS 0x0000000085400000, 0x0000000085400000| Untracked 
|  63|0x0000000085500000, 0x0000000085500000, 0x0000000085600000|  0%| F|  |TAMS 0x0000000085500000, 0x0000000085500000| Untracked 
|  64|0x0000000085600000, 0x0000000085600000, 0x0000000085700000|  0%| F|  |TAMS 0x0000000085600000, 0x0000000085600000| Untracked 
|  65|0x0000000085700000, 0x0000000085700000, 0x0000000085800000|  0%| F|  |TAMS 0x0000000085700000, 0x0000000085700000| Untracked 
|  66|0x0000000085800000, 0x0000000085800000, 0x0000000085900000|  0%| F|  |TAMS 0x0000000085800000, 0x0000000085800000| Untracked 
|  67|0x0000000085900000, 0x0000000085900000, 0x0000000085a00000|  0%| F|  |TAMS 0x0000000085900000, 0x0000000085900000| Untracked 
|  68|0x0000000085a00000, 0x0000000085a00000, 0x0000000085b00000|  0%| F|  |TAMS 0x0000000085a00000, 0x0000000085a00000| Untracked 
|  69|0x0000000085b00000, 0x0000000085b00000, 0x0000000085c00000|  0%| F|  |TAMS 0x0000000085b00000, 0x0000000085b00000| Untracked 
|  70|0x0000000085c00000, 0x0000000085c00000, 0x0000000085d00000|  0%| F|  |TAMS 0x0000000085c00000, 0x0000000085c00000| Untracked 
|  71|0x0000000085d00000, 0x0000000085d00000, 0x0000000085e00000|  0%| F|  |TAMS 0x0000000085d00000, 0x0000000085d00000| Untracked 
|  72|0x0000000085e00000, 0x0000000085e00000, 0x0000000085f00000|  0%| F|  |TAMS 0x0000000085e00000, 0x0000000085e00000| Untracked 
|  73|0x0000000085f00000, 0x0000000085f00000, 0x0000000086000000|  0%| F|  |TAMS 0x0000000085f00000, 0x0000000085f00000| Untracked 
|  74|0x0000000086000000, 0x0000000086000000, 0x0000000086100000|  0%| F|  |TAMS 0x0000000086000000, 0x0000000086000000| Untracked 
|  75|0x0000000086100000, 0x0000000086100000, 0x0000000086200000|  0%| F|  |TAMS 0x0000000086100000, 0x0000000086100000| Untracked 
|  76|0x0000000086200000, 0x0000000086200000, 0x0000000086300000|  0%| F|  |TAMS 0x0000000086200000, 0x0000000086200000| Untracked 
|  77|0x0000000086300000, 0x0000000086300000, 0x0000000086400000|  0%| F|  |TAMS 0x0000000086300000, 0x0000000086300000| Untracked 
|  78|0x0000000086400000, 0x0000000086400000, 0x0000000086500000|  0%| F|  |TAMS 0x0000000086400000, 0x0000000086400000| Untracked 
|  79|0x0000000086500000, 0x0000000086500000, 0x0000000086600000|  0%| F|  |TAMS 0x0000000086500000, 0x0000000086500000| Untracked 
|  80|0x0000000086600000, 0x0000000086600000, 0x0000000086700000|  0%| F|  |TAMS 0x0000000086600000, 0x0000000086600000| Untracked 
|  81|0x0000000086700000, 0x0000000086700000, 0x0000000086800000|  0%| F|  |TAMS 0x0000000086700000, 0x0000000086700000| Untracked 
|  82|0x0000000086800000, 0x0000000086800000, 0x0000000086900000|  0%| F|  |TAMS 0x0000000086800000, 0x0000000086800000| Untracked 
|  83|0x0000000086900000, 0x0000000086900000, 0x0000000086a00000|  0%| F|  |TAMS 0x0000000086900000, 0x0000000086900000| Untracked 
|  84|0x0000000086a00000, 0x0000000086a00000, 0x0000000086b00000|  0%| F|  |TAMS 0x0000000086a00000, 0x0000000086a00000| Untracked 
|  85|0x0000000086b00000, 0x0000000086b00000, 0x0000000086c00000|  0%| F|  |TAMS 0x0000000086b00000, 0x0000000086b00000| Untracked 
|  86|0x0000000086c00000, 0x0000000086c00000, 0x0000000086d00000|  0%| F|  |TAMS 0x0000000086c00000, 0x0000000086c00000| Untracked 
|  87|0x0000000086d00000, 0x0000000086d00000, 0x0000000086e00000|  0%| F|  |TAMS 0x0000000086d00000, 0x0000000086d00000| Untracked 
|  88|0x0000000086e00000, 0x0000000086e00000, 0x0000000086f00000|  0%| F|  |TAMS 0x0000000086e00000, 0x0000000086e00000| Untracked 
|  89|0x0000000086f00000, 0x0000000086f00000, 0x0000000087000000|  0%| F|  |TAMS 0x0000000086f00000, 0x0000000086f00000| Untracked 
|  90|0x0000000087000000, 0x0000000087000000, 0x0000000087100000|  0%| F|  |TAMS 0x0000000087000000, 0x0000000087000000| Untracked 
|  91|0x0000000087100000, 0x0000000087100000, 0x0000000087200000|  0%| F|  |TAMS 0x0000000087100000, 0x0000000087100000| Untracked 
|  92|0x0000000087200000, 0x0000000087200000, 0x0000000087300000|  0%| F|  |TAMS 0x0000000087200000, 0x0000000087200000| Untracked 
|  93|0x0000000087300000, 0x0000000087300000, 0x0000000087400000|  0%| F|  |TAMS 0x0000000087300000, 0x0000000087300000| Untracked 
|  94|0x0000000087400000, 0x0000000087400000, 0x0000000087500000|  0%| F|  |TAMS 0x0000000087400000, 0x0000000087400000| Untracked 
|  95|0x0000000087500000, 0x0000000087500000, 0x0000000087600000|  0%| F|  |TAMS 0x0000000087500000, 0x0000000087500000| Untracked 
|  96|0x0000000087600000, 0x0000000087600000, 0x0000000087700000|  0%| F|  |TAMS 0x0000000087600000, 0x0000000087600000| Untracked 
|  97|0x0000000087700000, 0x0000000087700000, 0x0000000087800000|  0%| F|  |TAMS 0x0000000087700000, 0x0000000087700000| Untracked 
|  98|0x0000000087800000, 0x0000000087800000, 0x0000000087900000|  0%| F|  |TAMS 0x0000000087800000, 0x0000000087800000| Untracked 
|  99|0x0000000087900000, 0x0000000087900000, 0x0000000087a00000|  0%| F|  |TAMS 0x0000000087900000, 0x0000000087900000| Untracked 
| 100|0x0000000087a00000, 0x0000000087a00000, 0x0000000087b00000|  0%| F|  |TAMS 0x0000000087a00000, 0x0000000087a00000| Untracked 
| 101|0x0000000087b00000, 0x0000000087b00000, 0x0000000087c00000|  0%| F|  |TAMS 0x0000000087b00000, 0x0000000087b00000| Untracked 
| 102|0x0000000087c00000, 0x0000000087c00000, 0x0000000087d00000|  0%| F|  |TAMS 0x0000000087c00000, 0x0000000087c00000| Untracked 
| 103|0x0000000087d00000, 0x0000000087d00000, 0x0000000087e00000|  0%| F|  |TAMS 0x0000000087d00000, 0x0000000087d00000| Untracked 
| 104|0x0000000087e00000, 0x0000000087e80800, 0x0000000087f00000| 50%| E|  |TAMS 0x0000000087e00000, 0x0000000087e00000| Complete 
| 105|0x0000000087f00000, 0x0000000088000000, 0x0000000088000000|100%| E|CS|TAMS 0x0000000087f00000, 0x0000000087f00000| Complete 
| 106|0x0000000088000000, 0x0000000088100000, 0x0000000088100000|100%| E|CS|TAMS 0x0000000088000000, 0x0000000088000000| Complete 
| 107|0x0000000088100000, 0x0000000088200000, 0x0000000088200000|100%| E|CS|TAMS 0x0000000088100000, 0x0000000088100000| Complete 
| 108|0x0000000088200000, 0x0000000088300000, 0x0000000088300000|100%| E|CS|TAMS 0x0000000088200000, 0x0000000088200000| Complete 
| 109|0x0000000088300000, 0x0000000088400000, 0x0000000088400000|100%| E|CS|TAMS 0x0000000088300000, 0x0000000088300000| Complete 
| 110|0x0000000088400000, 0x0000000088500000, 0x0000000088500000|100%| E|CS|TAMS 0x0000000088400000, 0x0000000088400000| Complete 
| 111|0x0000000088500000, 0x0000000088600000, 0x0000000088600000|100%| E|CS|TAMS 0x0000000088500000, 0x0000000088500000| Complete 
| 112|0x0000000088600000, 0x0000000088700000, 0x0000000088700000|100%| E|CS|TAMS 0x0000000088600000, 0x0000000088600000| Complete 
| 113|0x0000000088700000, 0x0000000088800000, 0x0000000088800000|100%| E|CS|TAMS 0x0000000088700000, 0x0000000088700000| Complete 
| 114|0x0000000088800000, 0x0000000088900000, 0x0000000088900000|100%| E|CS|TAMS 0x0000000088800000, 0x0000000088800000| Complete 
| 115|0x0000000088900000, 0x0000000088a00000, 0x0000000088a00000|100%| E|CS|TAMS 0x0000000088900000, 0x0000000088900000| Complete 
| 116|0x0000000088a00000, 0x0000000088b00000, 0x0000000088b00000|100%| E|CS|TAMS 0x0000000088a00000, 0x0000000088a00000| Complete 
| 117|0x0000000088b00000, 0x0000000088c00000, 0x0000000088c00000|100%| E|CS|TAMS 0x0000000088b00000, 0x0000000088b00000| Complete 
| 118|0x0000000088c00000, 0x0000000088d00000, 0x0000000088d00000|100%| E|CS|TAMS 0x0000000088c00000, 0x0000000088c00000| Complete 
| 119|0x0000000088d00000, 0x0000000088e00000, 0x0000000088e00000|100%| E|CS|TAMS 0x0000000088d00000, 0x0000000088d00000| Complete 
| 120|0x0000000088e00000, 0x0000000088f00000, 0x0000000088f00000|100%| E|CS|TAMS 0x0000000088e00000, 0x0000000088e00000| Complete 
| 121|0x0000000088f00000, 0x0000000089000000, 0x0000000089000000|100%| E|CS|TAMS 0x0000000088f00000, 0x0000000088f00000| Complete 
| 122|0x0000000089000000, 0x0000000089100000, 0x0000000089100000|100%| E|CS|TAMS 0x0000000089000000, 0x0000000089000000| Complete 
| 123|0x0000000089100000, 0x0000000089200000, 0x0000000089200000|100%| E|CS|TAMS 0x0000000089100000, 0x0000000089100000| Complete 
| 124|0x0000000089200000, 0x0000000089300000, 0x0000000089300000|100%| E|CS|TAMS 0x0000000089200000, 0x0000000089200000| Complete 
| 125|0x0000000089300000, 0x0000000089400000, 0x0000000089400000|100%| E|CS|TAMS 0x0000000089300000, 0x0000000089300000| Complete 
| 126|0x0000000089400000, 0x0000000089500000, 0x0000000089500000|100%| E|CS|TAMS 0x0000000089400000, 0x0000000089400000| Complete 
| 127|0x0000000089500000, 0x0000000089600000, 0x0000000089600000|100%| E|CS|TAMS 0x0000000089500000, 0x0000000089500000| Complete 

Card table byte_map: [0x0000021eecd70000,0x0000021eed170000] _byte_map_base: 0x0000021eec965000

Marking Bits (Prev, Next): (CMBitMap*) 0x0000021ed60d3a10, (CMBitMap*) 0x0000021ed60d3a50
 Prev Bits: [0x0000021eed570000, 0x0000021eef518000)
 Next Bits: [0x0000021eef520000, 0x0000021ef14c8000)

Polling page: 0x0000021ed5850000

Metaspace:

Usage:
  Non-class:     17.21 MB used.
      Class:      2.91 MB used.
       Both:     20.11 MB used.

Virtual space:
  Non-class space:       64.00 MB reserved,      17.38 MB ( 27%) committed,  1 nodes.
      Class space:        1.00 GB reserved,       3.06 MB ( <1%) committed,  1 nodes.
             Both:        1.06 GB reserved,      20.44 MB (  2%) committed. 

Chunk freelists:
   Non-Class:  13.91 MB
       Class:  12.95 MB
        Both:  26.86 MB

MaxMetaspaceSize: unlimited
CompressedClassSpaceSize: 1.00 GB
Initial GC threshold: 21.00 MB
Current GC threshold: 21.00 MB
CDS: on
MetaspaceReclaimPolicy: balanced
 - commit_granule_bytes: 65536.
 - commit_granule_words: 8192.
 - virtual_space_node_default_size: 8388608.
 - enlarge_chunks_in_place: 1.
 - new_chunks_are_fully_committed: 0.
 - uncommit_free_chunks: 1.
 - use_allocation_guard: 0.
 - handle_deallocations: 1.


Internal statistics:

num_allocs_failed_limit: 0.
num_arena_births: 272.
num_arena_deaths: 0.
num_vsnodes_births: 2.
num_vsnodes_deaths: 0.
num_space_committed: 327.
num_space_uncommitted: 0.
num_chunks_returned_to_freelist: 0.
num_chunks_taken_from_freelist: 995.
num_chunk_merges: 0.
num_chunk_splits: 675.
num_chunks_enlarged: 503.
num_inconsistent_stats: 0.

CodeHeap 'non-profiled nmethods': size=120000Kb used=2436Kb max_used=2436Kb free=117563Kb
 bounds [0x0000021ee5440000, 0x0000021ee56b0000, 0x0000021eec970000]
CodeHeap 'profiled nmethods': size=120000Kb used=10322Kb max_used=10322Kb free=109677Kb
 bounds [0x0000021edd970000, 0x0000021ede390000, 0x0000021ee4ea0000]
CodeHeap 'non-nmethods': size=5760Kb used=1453Kb max_used=1541Kb free=4306Kb
 bounds [0x0000021ee4ea0000, 0x0000021ee5110000, 0x0000021ee5440000]
 total_blobs=5615 nmethods=4792 adapters=733
 compilation: enabled
              stopped_count=0, restarted_count=0
 full_count=0

Compilation events (20 events):
Event: 643.491 Thread 0x0000021ef3977280 4789       3       javafx.scene.text.Text::selectionShapeProperty (8 bytes)
Event: 643.493 Thread 0x0000021ef3977280 nmethod 4789 0x0000021ede37ec90 code [0x0000021ede37ee60, 0x0000021ede37f228]
Event: 643.493 Thread 0x0000021ef3977280 4790       3       javafx.scene.text.Text$TextAttribute::selectionShapeProperty (52 bytes)
Event: 643.496 Thread 0x0000021ef3977280 nmethod 4790 0x0000021ede37f390 code [0x0000021ede37f580, 0x0000021ede37fc98]
Event: 643.505 Thread 0x0000021ef3977280 4791       3       javafx.scene.text.Text$StyleableProperties$1::getStyleableProperty (9 bytes)
Event: 643.506 Thread 0x0000021ef3977280 nmethod 4791 0x0000021ede37fe90 code [0x0000021ede380060, 0x0000021ede380428]
Event: 643.506 Thread 0x0000021ef3977280 4792       3       javafx.scene.text.Text$StyleableProperties$1::getStyleableProperty (8 bytes)
Event: 643.506 Thread 0x0000021ef3977280 nmethod 4792 0x0000021ede380590 code [0x0000021ede380740, 0x0000021ede380988]
Event: 643.507 Thread 0x0000021ef3977280 4793       3       javafx.scene.control.TextInputControl::getSelection (11 bytes)
Event: 643.507 Thread 0x0000021ef3977280 nmethod 4793 0x0000021ede380a90 code [0x0000021ede380c60, 0x0000021ede381168]
Event: 643.507 Thread 0x0000021ef3977280 4794       3       javafx.scene.shape.PathElement::removeNode (9 bytes)
Event: 643.508 Thread 0x0000021ef3977280 nmethod 4794 0x0000021ede381310 code [0x0000021ede3814c0, 0x0000021ede381628]
Event: 643.508 Thread 0x0000021ef3977280 4795       3       javafx.beans.property.ReadOnlyObjectPropertyBase::addListener (14 bytes)
Event: 643.509 Thread 0x0000021ef3977280 nmethod 4795 0x0000021ede381710 code [0x0000021ede3818c0, 0x0000021ede381a68]
Event: 643.526 Thread 0x0000021ef3977280 4796   !   3       com.sun.javafx.binding.ExpressionHelper$Generic::fireValueChangedEvent (218 bytes)
Event: 643.529 Thread 0x0000021ef3977280 nmethod 4796 0x0000021ede381b10 code [0x0000021ede381d60, 0x0000021ede382af8]
Event: 643.529 Thread 0x0000021ef3977280 4797       3       javafx.scene.layout.Region::isCacheShape (19 bytes)
Event: 643.530 Thread 0x0000021ef3977280 nmethod 4797 0x0000021ede383190 code [0x0000021ede383340, 0x0000021ede3836c8]
Event: 643.530 Thread 0x0000021ef3977280 4798       3       com.sun.javafx.sg.prism.NGRegion::updateShape (71 bytes)
Event: 643.534 Thread 0x0000021ef3977280 nmethod 4798 0x0000021ede383810 code [0x0000021ede383a80, 0x0000021ede3846c8]

GC Heap History (6 events):
Event: 1.344 GC heap before
{Heap before GC invocations=0 (full 0):
 garbage-first heap   total 131072K, used 13312K [0x0000000081600000, 0x0000000100000000)
  region size 1024K, 13 young (13312K), 0 survivors (0K)
 Metaspace       used 2656K, committed 2880K, reserved 1114112K
  class space    used 284K, committed 384K, reserved 1048576K
}
Event: 1.349 GC heap after
{Heap after GC invocations=1 (full 0):
 garbage-first heap   total 131072K, used 1733K [0x0000000081600000, 0x0000000100000000)
  region size 1024K, 2 young (2048K), 2 survivors (2048K)
 Metaspace       used 2656K, committed 2880K, reserved 1114112K
  class space    used 284K, committed 384K, reserved 1048576K
}
Event: 2.084 GC heap before
{Heap before GC invocations=1 (full 0):
 garbage-first heap   total 131072K, used 18117K [0x0000000081600000, 0x0000000100000000)
  region size 1024K, 19 young (19456K), 2 survivors (2048K)
 Metaspace       used 8469K, committed 8640K, reserved 1114112K
  class space    used 1115K, committed 1216K, reserved 1048576K
}
Event: 2.093 GC heap after
{Heap after GC invocations=2 (full 0):
 garbage-first heap   total 131072K, used 4847K [0x0000000081600000, 0x0000000100000000)
  region size 1024K, 3 young (3072K), 3 survivors (3072K)
 Metaspace       used 8469K, committed 8640K, reserved 1114112K
  class space    used 1115K, committed 1216K, reserved 1048576K
}
Event: 425.653 GC heap before
{Heap before GC invocations=2 (full 0):
 garbage-first heap   total 131072K, used 81647K [0x0000000081600000, 0x0000000100000000)
  region size 1024K, 76 young (77824K), 3 survivors (3072K)
 Metaspace       used 20126K, committed 20480K, reserved 1114112K
  class space    used 2971K, committed 3136K, reserved 1048576K
}
Event: 425.752 GC heap after
{Heap after GC invocations=3 (full 0):
 garbage-first heap   total 131072K, used 11984K [0x0000000081600000, 0x0000000100000000)
  region size 1024K, 8 young (8192K), 8 survivors (8192K)
 Metaspace       used 20126K, committed 20480K, reserved 1114112K
  class space    used 2971K, committed 3136K, reserved 1048576K
}

Deoptimization events (20 events):
Event: 523.411 Thread 0x0000021ef86f8060 DEOPT PACKING pc=0x0000021ee5649150 sp=0x000000ecaa3fc610
Event: 523.411 Thread 0x0000021ef86f8060 DEOPT UNPACKING pc=0x0000021ee4ef23a3 sp=0x000000ecaa3fc598 mode 2
Event: 613.387 Thread 0x0000021ef86f8060 Uncommon trap: trap_request=0xffffffcc fr.pc=0x0000021ee5688584 relative=0x0000000000000364
Event: 613.387 Thread 0x0000021ef86f8060 Uncommon trap: reason=intrinsic_or_type_checked_inlining action=make_not_entrant pc=0x0000021ee5688584 method=java.util.Arrays.copyOf([Ljava/lang/Object;ILjava/lang/Class;)[Ljava/lang/Object; @ 35 c2
Event: 613.387 Thread 0x0000021ef86f8060 DEOPT PACKING pc=0x0000021ee5688584 sp=0x000000ecaa3fdbb0
Event: 613.387 Thread 0x0000021ef86f8060 DEOPT UNPACKING pc=0x0000021ee4ef23a3 sp=0x000000ecaa3fdb58 mode 2
Event: 613.502 Thread 0x0000021ef8971060 Uncommon trap: trap_request=0xffffff45 fr.pc=0x0000021ee560b6dc relative=0x0000000000000dbc
Event: 613.502 Thread 0x0000021ef8971060 Uncommon trap: reason=unstable_if action=reinterpret pc=0x0000021ee560b6dc method=java.util.concurrent.locks.ReentrantLock$NonfairSync.tryAcquire(I)Z @ 4 c2
Event: 613.502 Thread 0x0000021ef8971060 DEOPT PACKING pc=0x0000021ee560b6dc sp=0x000000ecaa7ff410
Event: 613.503 Thread 0x0000021ef8971060 DEOPT UNPACKING pc=0x0000021ee4ef23a3 sp=0x000000ecaa7ff378 mode 2
Event: 614.784 Thread 0x0000021ef86f8060 DEOPT PACKING pc=0x0000021ede0d2bd0 sp=0x000000ecaa3fc6d0
Event: 614.784 Thread 0x0000021ef86f8060 DEOPT UNPACKING pc=0x0000021ee4ef2b43 sp=0x000000ecaa3fbbc0 mode 0
Event: 643.406 Thread 0x0000021ef86f8060 Uncommon trap: trap_request=0xffffff6e fr.pc=0x0000021ee569a000 relative=0x0000000000003620
Event: 643.406 Thread 0x0000021ef86f8060 Uncommon trap: reason=loop_limit_check action=maybe_recompile pc=0x0000021ee569a000 method=com.sun.javafx.css.SelectorPartitioning.match(Ljava/lang/String;Ljava/lang/String;Ljava/util/Set;)Ljava/util/List; @ 164 c2
Event: 643.406 Thread 0x0000021ef86f8060 DEOPT PACKING pc=0x0000021ee569a000 sp=0x000000ecaa3fd640
Event: 643.406 Thread 0x0000021ef86f8060 DEOPT UNPACKING pc=0x0000021ee4ef23a3 sp=0x000000ecaa3fd608 mode 2
Event: 643.410 Thread 0x0000021ef86f8060 Uncommon trap: trap_request=0xffffff6e fr.pc=0x0000021ee56826d0 relative=0x0000000000003cf0
Event: 643.410 Thread 0x0000021ef86f8060 Uncommon trap: reason=loop_limit_check action=maybe_recompile pc=0x0000021ee56826d0 method=com.sun.javafx.css.SelectorPartitioning.match(Ljava/lang/String;Ljava/lang/String;Ljava/util/Set;)Ljava/util/List; @ 164 c2
Event: 643.410 Thread 0x0000021ef86f8060 DEOPT PACKING pc=0x0000021ee56826d0 sp=0x000000ecaa3fd660
Event: 643.410 Thread 0x0000021ef86f8060 DEOPT UNPACKING pc=0x0000021ee4ef23a3 sp=0x000000ecaa3fd608 mode 2

Classes unloaded (0 events):
No events

Classes redefined (0 events):
No events

Internal exceptions (20 events):
Event: 3.394 Thread 0x0000021ef86f8060 Exception <a 'java/lang/NoSuchMethodError'{0x0000000087edecb8}: 'long java.lang.invoke.DirectMethodHandle$Holder.invokeStaticInit(java.lang.Object, java.lang.Object, java.lang.Object)'> (0x0000000087edecb8) 
thrown [s\open\src\hotspot\share\interpreter\linkResolver.cpp, line 759]
Event: 3.401 Thread 0x0000021ef86f8060 Exception <a 'java/lang/NoSuchMethodError'{0x0000000087ef6bf8}: 'java.lang.Object java.lang.invoke.DirectMethodHandle$Holder.newInvokeSpecial(java.lang.Object, java.lang.Object, long)'> (0x0000000087ef6bf8) 
thrown [s\open\src\hotspot\share\interpreter\linkResolver.cpp, line 759]
Event: 3.402 Thread 0x0000021ef86f8060 Exception <a 'java/lang/NoSuchMethodError'{0x0000000087efa768}: 'java.lang.Object java.lang.invoke.Invokers$Holder.linkToTargetMethod(java.lang.Object, long, java.lang.Object)'> (0x0000000087efa768) 
thrown [s\open\src\hotspot\share\interpreter\linkResolver.cpp, line 759]
Event: 13.388 Thread 0x0000021ef86f8060 Exception <a 'sun/nio/fs/WindowsException'{0x00000000878a9be8}> (0x00000000878a9be8) 
thrown [s\open\src\hotspot\share\prims\jni.cpp, line 516]
Event: 13.491 Thread 0x0000021ef86f8060 Exception <a 'sun/nio/fs/WindowsException'{0x0000000087677da0}> (0x0000000087677da0) 
thrown [s\open\src\hotspot\share\prims\jni.cpp, line 516]
Event: 13.523 Thread 0x0000021ef86f8060 Exception <a 'sun/nio/fs/WindowsException'{0x0000000087515520}> (0x0000000087515520) 
thrown [s\open\src\hotspot\share\prims\jni.cpp, line 516]
Event: 13.523 Thread 0x0000021ef86f8060 Exception <a 'sun/nio/fs/WindowsException'{0x00000000875158b0}> (0x00000000875158b0) 
thrown [s\open\src\hotspot\share\prims\jni.cpp, line 516]
Event: 13.532 Thread 0x0000021ef86f8060 Exception <a 'sun/nio/fs/WindowsException'{0x000000008753c7e8}> (0x000000008753c7e8) 
thrown [s\open\src\hotspot\share\prims\jni.cpp, line 516]
Event: 13.539 Thread 0x0000021ef86f8060 Exception <a 'java/lang/NoSuchMethodError'{0x00000000875454a0}: 'java.lang.Object java.lang.invoke.DirectMethodHandle$Holder.invokeStaticInit(java.lang.Object, int, int, int, int)'> (0x00000000875454a0) 
thrown [s\open\src\hotspot\share\interpreter\linkResolver.cpp, line 759]
Event: 13.653 Thread 0x0000021ef86f8060 Exception <a 'java/lang/NoSuchMethodError'{0x00000000874017c8}: 'java.lang.Object java.lang.invoke.DirectMethodHandle$Holder.invokeStaticInit(java.lang.Object, java.lang.Object, int, int, int, int)'> (0x00000000874017c8) 
thrown [s\open\src\hotspot\share\interpreter\linkResolver.cpp, line 759]
Event: 13.661 Thread 0x0000021ef86f8060 Exception <a 'sun/nio/fs/WindowsException'{0x00000000874153d0}> (0x00000000874153d0) 
thrown [s\open\src\hotspot\share\prims\jni.cpp, line 516]
Event: 13.661 Thread 0x0000021ef86f8060 Exception <a 'sun/nio/fs/WindowsException'{0x0000000087415760}> (0x0000000087415760) 
thrown [s\open\src\hotspot\share\prims\jni.cpp, line 516]
Event: 13.663 Thread 0x0000021ef86f8060 Exception <a 'sun/nio/fs/WindowsException'{0x0000000087417068}> (0x0000000087417068) 
thrown [s\open\src\hotspot\share\prims\jni.cpp, line 516]
Event: 13.816 Thread 0x0000021ef86f8060 Exception <a 'java/lang/NoSuchMethodError'{0x00000000874c5290}: 'java.lang.Object java.lang.invoke.DirectMethodHandle$Holder.invokeSpecial(java.lang.Object, java.lang.Object, int, java.lang.Object, long)'> (0x00000000874c5290) 
thrown [s\open\src\hotspot\share\interpreter\linkResolver.cpp, line 759]
Event: 15.054 Thread 0x0000021ef86f8060 Exception <a 'java/lang/NoSuchMethodError'{0x0000000086f0c8a0}: 'int java.lang.invoke.DirectMethodHandle$Holder.invokeSpecial(java.lang.Object, java.lang.Object, int)'> (0x0000000086f0c8a0) 
thrown [s\open\src\hotspot\share\interpreter\linkResolver.cpp, line 759]
Event: 16.450 Thread 0x0000021ef86f8060 Exception <a 'java/lang/NullPointerException'{0x0000000086c6b9e0}> (0x0000000086c6b9e0) 
thrown [s\open\src\hotspot\share\interpreter\linkResolver.cpp, line 1350]
Event: 17.568 Thread 0x0000021ef86f8060 Exception <a 'java/lang/NoSuchMethodError'{0x00000000868133e8}: 'void java.lang.invoke.DirectMethodHandle$Holder.invokeSpecial(java.lang.Object, java.lang.Object, int, int)'> (0x00000000868133e8) 
thrown [s\open\src\hotspot\share\interpreter\linkResolver.cpp, line 759]
Event: 17.570 Thread 0x0000021ef86f8060 Exception <a 'java/lang/NoSuchMethodError'{0x0000000086819e70}: 'java.lang.Object java.lang.invoke.DirectMethodHandle$Holder.newInvokeSpecial(java.lang.Object, java.lang.Object, int, int)'> (0x0000000086819e70) 
thrown [s\open\src\hotspot\share\interpreter\linkResolver.cpp, line 759]
Event: 17.690 Thread 0x0000021ef3ecd3e0 Exception <a 'java/lang/NoSuchMethodError'{0x000000008670c570}: 'java.lang.Object java.lang.invoke.DirectMethodHandle$Holder.invokeStaticInit(java.lang.Object, int)'> (0x000000008670c570) 
thrown [s\open\src\hotspot\share\interpreter\linkResolver.cpp, line 759]
Event: 28.956 Thread 0x0000021ef86f8060 Exception <a 'java/lang/reflect/InvocationTargetException'{0x0000000086250e48}> (0x0000000086250e48) 
thrown [s\open\src\hotspot\share\runtime\reflection.cpp, line 1121]

VM Operations (20 events):
Event: 525.108 Executing VM operation: Cleanup
Event: 525.108 Executing VM operation: Cleanup done
Event: 541.238 Executing VM operation: HandshakeAllThreads
Event: 541.238 Executing VM operation: HandshakeAllThreads done
Event: 554.242 Executing VM operation: Cleanup
Event: 554.242 Executing VM operation: Cleanup done
Event: 555.243 Executing VM operation: Cleanup
Event: 555.243 Executing VM operation: Cleanup done
Event: 584.259 Executing VM operation: Cleanup
Event: 584.259 Executing VM operation: Cleanup done
Event: 585.261 Executing VM operation: Cleanup
Event: 585.261 Executing VM operation: Cleanup done
Event: 601.416 Executing VM operation: HandshakeAllThreads
Event: 601.416 Executing VM operation: HandshakeAllThreads done
Event: 613.425 Executing VM operation: Cleanup
Event: 613.425 Executing VM operation: Cleanup done
Event: 615.425 Executing VM operation: Cleanup
Event: 615.425 Executing VM operation: Cleanup done
Event: 643.443 Executing VM operation: Cleanup
Event: 643.443 Executing VM operation: Cleanup done

Events (20 events):
Event: 16.450 loading class java/lang/Throwable$WrappedPrintStream
Event: 16.450 loading class java/lang/Throwable$PrintStreamOrWriter
Event: 16.450 loading class java/lang/Throwable$PrintStreamOrWriter done
Event: 16.450 loading class java/lang/Throwable$WrappedPrintStream done
Event: 16.474 Thread 0x0000021ef9077110 Thread added: 0x0000021ef9077110
Event: 16.645 Thread 0x0000021ef9077110 Thread exited: 0x0000021ef9077110
Event: 17.427 Thread 0x0000021ef88faf40 Thread added: 0x0000021ef88faf40
Event: 17.737 Thread 0x0000021ef88faf40 Thread exited: 0x0000021ef88faf40
Event: 24.914 loading class java/io/SequenceInputStream
Event: 24.914 loading class java/io/SequenceInputStream done
Event: 24.919 loading class java/util/Vector$1
Event: 24.919 loading class java/util/Vector$1 done
Event: 24.997 Thread 0x0000021ef3d087c0 Thread added: 0x0000021ef3d087c0
Event: 25.299 Thread 0x0000021ef3d087c0 Thread exited: 0x0000021ef3d087c0
Event: 28.955 loading class com/sun/org/apache/xerces/internal/impl/XMLStreamReaderImpl$1
Event: 28.955 loading class javax/xml/stream/Location
Event: 28.955 loading class javax/xml/stream/Location done
Event: 28.955 loading class com/sun/org/apache/xerces/internal/impl/XMLStreamReaderImpl$1 done
Event: 524.905 Thread 0x0000021efece4350 Thread added: 0x0000021efece4350
Event: 526.069 Thread 0x0000021efece4350 Thread exited: 0x0000021efece4350


Dynamic libraries:
0x00007ff7877a0000 - 0x00007ff7877b0000 	C:\Program Files\Java\jdk-17\bin\java.exe
0x00007ffe62a30000 - 0x00007ffe62c28000 	C:\Windows\SYSTEM32\ntdll.dll
0x00007ffe61140000 - 0x00007ffe61202000 	C:\Windows\System32\KERNEL32.DLL
0x00007ffe602b0000 - 0x00007ffe605a6000 	C:\Windows\System32\KERNELBASE.dll
0x00007ffe60630000 - 0x00007ffe60730000 	C:\Windows\System32\ucrtbase.dll
0x00007ffe5aa60000 - 0x00007ffe5aa79000 	C:\Program Files\Java\jdk-17\bin\jli.dll
0x00007ffe60e80000 - 0x00007ffe60f31000 	C:\Windows\System32\ADVAPI32.dll
0x00007ffe4e2d0000 - 0x00007ffe4e2eb000 	C:\Program Files\Java\jdk-17\bin\VCRUNTIME140.dll
0x00007ffe62950000 - 0x00007ffe629ee000 	C:\Windows\System32\msvcrt.dll
0x00007ffe60a80000 - 0x00007ffe60b1f000 	C:\Windows\System32\sechost.dll
0x00007ffe626d0000 - 0x00007ffe627f3000 	C:\Windows\System32\RPCRT4.dll
0x00007ffe60600000 - 0x00007ffe60627000 	C:\Windows\System32\bcrypt.dll
0x00007ffe62090000 - 0x00007ffe6222d000 	C:\Windows\System32\USER32.dll
0x00007ffe60730000 - 0x00007ffe60752000 	C:\Windows\System32\win32u.dll
0x00007ffe60a50000 - 0x00007ffe60a7b000 	C:\Windows\System32\GDI32.dll
0x00007ffe60930000 - 0x00007ffe60a49000 	C:\Windows\System32\gdi32full.dll
0x00007ffe60890000 - 0x00007ffe6092d000 	C:\Windows\System32\msvcp_win.dll
0x00007ffe5f550000 - 0x00007ffe5f7ea000 	C:\Windows\WinSxS\amd64_microsoft.windows.common-controls_6595b64144ccf1df_6.0.19041.5915_none_60b4b9d171f9c7c7\COMCTL32.dll
0x00007ffe5cb90000 - 0x00007ffe5cb9a000 	C:\Windows\SYSTEM32\VERSION.dll
0x00007ffe61f90000 - 0x00007ffe61fbf000 	C:\Windows\System32\IMM32.DLL
0x00007ffe5dc60000 - 0x00007ffe5dc6c000 	C:\Program Files\Java\jdk-17\bin\vcruntime140_1.dll
0x00007ffe2fc70000 - 0x00007ffe2fcfe000 	C:\Program Files\Java\jdk-17\bin\msvcp140.dll
0x00007ffe1a4b0000 - 0x00007ffe1b091000 	C:\Program Files\Java\jdk-17\bin\server\jvm.dll
0x00007ffe62080000 - 0x00007ffe62088000 	C:\Windows\System32\PSAPI.DLL
0x00007ffe42370000 - 0x00007ffe42379000 	C:\Windows\SYSTEM32\WSOCK32.dll
0x00007ffe622e0000 - 0x00007ffe6234b000 	C:\Windows\System32\WS2_32.dll
0x00007ffe49d10000 - 0x00007ffe49d37000 	C:\Windows\SYSTEM32\WINMM.dll
0x00007ffe5db70000 - 0x00007ffe5db82000 	C:\Windows\SYSTEM32\kernel.appcore.dll
0x00007ffe565c0000 - 0x00007ffe565ca000 	C:\Program Files\Java\jdk-17\bin\jimage.dll
0x00007ffe5fa70000 - 0x00007ffe5fc71000 	C:\Windows\SYSTEM32\DBGHELP.DLL
0x00007ffe5f9e0000 - 0x00007ffe5fa14000 	C:\Windows\SYSTEM32\dbgcore.DLL
0x00007ffe600c0000 - 0x00007ffe60142000 	C:\Windows\System32\bcryptPrimitives.dll
0x00007ffe4d7f0000 - 0x00007ffe4d815000 	C:\Program Files\Java\jdk-17\bin\java.dll
0x00007ffe2e990000 - 0x00007ffe2ea67000 	C:\Program Files\Java\jdk-17\bin\jsvml.dll
0x00007ffe61210000 - 0x00007ffe6197e000 	C:\Windows\System32\SHELL32.dll
0x00007ffe5d3b0000 - 0x00007ffe5db54000 	C:\Windows\SYSTEM32\windows.storage.dll
0x00007ffe60b20000 - 0x00007ffe60e73000 	C:\Windows\System32\combase.dll
0x00007ffe5f3c0000 - 0x00007ffe5f3eb000 	C:\Windows\SYSTEM32\Wldp.dll
0x00007ffe62450000 - 0x00007ffe6251d000 	C:\Windows\System32\OLEAUT32.dll
0x00007ffe62230000 - 0x00007ffe622dd000 	C:\Windows\System32\SHCORE.dll
0x00007ffe61fc0000 - 0x00007ffe6201b000 	C:\Windows\System32\shlwapi.dll
0x00007ffe5fff0000 - 0x00007ffe60014000 	C:\Windows\SYSTEM32\profapi.dll
0x00007ffe45f80000 - 0x00007ffe45f99000 	C:\Program Files\Java\jdk-17\bin\net.dll
0x00007ffe511d0000 - 0x00007ffe512da000 	C:\Windows\SYSTEM32\WINHTTP.dll
0x00007ffe5f1a0000 - 0x00007ffe5f20a000 	C:\Windows\system32\mswsock.dll
0x00007ffe449b0000 - 0x00007ffe449c6000 	C:\Program Files\Java\jdk-17\bin\nio.dll
0x00007ffe3a160000 - 0x00007ffe3a178000 	C:\Program Files\Java\jdk-17\bin\zip.dll
0x0000021ed6010000 - 0x0000021ed6013000 	C:\Users\hp\.openjfx\cache\21+31\amd64\api-ms-win-core-console-l1-1-0.dll
0x0000021ed6020000 - 0x0000021ed6023000 	C:\Users\hp\.openjfx\cache\21+31\amd64\api-ms-win-core-console-l1-2-0.dll
0x0000021ed6030000 - 0x0000021ed6033000 	C:\Users\hp\.openjfx\cache\21+31\amd64\api-ms-win-core-datetime-l1-1-0.dll
0x0000021ed6040000 - 0x0000021ed6043000 	C:\Users\hp\.openjfx\cache\21+31\amd64\api-ms-win-core-debug-l1-1-0.dll
0x0000021ef3f00000 - 0x0000021ef3f03000 	C:\Users\hp\.openjfx\cache\21+31\amd64\api-ms-win-core-errorhandling-l1-1-0.dll
0x0000021ef3f10000 - 0x0000021ef3f14000 	C:\Users\hp\.openjfx\cache\21+31\amd64\api-ms-win-core-file-l1-1-0.dll
0x0000021ef3f20000 - 0x0000021ef3f23000 	C:\Users\hp\.openjfx\cache\21+31\amd64\api-ms-win-core-file-l1-2-0.dll
0x0000021ef3f30000 - 0x0000021ef3f33000 	C:\Users\hp\.openjfx\cache\21+31\amd64\api-ms-win-core-file-l2-1-0.dll
0x0000021ef3f40000 - 0x0000021ef3f43000 	C:\Users\hp\.openjfx\cache\21+31\amd64\api-ms-win-core-handle-l1-1-0.dll
0x0000021ef3f50000 - 0x0000021ef3f53000 	C:\Users\hp\.openjfx\cache\21+31\amd64\api-ms-win-core-heap-l1-1-0.dll
0x0000021ef3f60000 - 0x0000021ef3f63000 	C:\Users\hp\.openjfx\cache\21+31\amd64\api-ms-win-core-interlocked-l1-1-0.dll
0x0000021ef3f70000 - 0x0000021ef3f73000 	C:\Users\hp\.openjfx\cache\21+31\amd64\api-ms-win-core-libraryloader-l1-1-0.dll
0x0000021ef3f80000 - 0x0000021ef3f83000 	C:\Users\hp\.openjfx\cache\21+31\amd64\api-ms-win-core-localization-l1-2-0.dll
0x0000021ef3f90000 - 0x0000021ef3f93000 	C:\Users\hp\.openjfx\cache\21+31\amd64\api-ms-win-core-memory-l1-1-0.dll
0x0000021ef3fa0000 - 0x0000021ef3fa3000 	C:\Users\hp\.openjfx\cache\21+31\amd64\api-ms-win-core-namedpipe-l1-1-0.dll
0x0000021ef3fb0000 - 0x0000021ef3fb3000 	C:\Users\hp\.openjfx\cache\21+31\amd64\api-ms-win-core-processenvironment-l1-1-0.dll
0x0000021ef3fc0000 - 0x0000021ef3fc3000 	C:\Users\hp\.openjfx\cache\21+31\amd64\api-ms-win-core-processthreads-l1-1-0.dll
0x0000021ef3fd0000 - 0x0000021ef3fd3000 	C:\Users\hp\.openjfx\cache\21+31\amd64\api-ms-win-core-processthreads-l1-1-1.dll
0x0000021ef3fe0000 - 0x0000021ef3fe3000 	C:\Users\hp\.openjfx\cache\21+31\amd64\api-ms-win-core-profile-l1-1-0.dll
0x0000021ef3ff0000 - 0x0000021ef3ff3000 	C:\Users\hp\.openjfx\cache\21+31\amd64\api-ms-win-core-rtlsupport-l1-1-0.dll
0x0000021ef97d0000 - 0x0000021ef97d3000 	C:\Users\hp\.openjfx\cache\21+31\amd64\api-ms-win-core-string-l1-1-0.dll
0x0000021ef97e0000 - 0x0000021ef97e3000 	C:\Users\hp\.openjfx\cache\21+31\amd64\api-ms-win-core-synch-l1-1-0.dll
0x0000021ef97f0000 - 0x0000021ef97f3000 	C:\Users\hp\.openjfx\cache\21+31\amd64\api-ms-win-core-synch-l1-2-0.dll
0x0000021ef9800000 - 0x0000021ef9803000 	C:\Users\hp\.openjfx\cache\21+31\amd64\api-ms-win-core-sysinfo-l1-1-0.dll
0x0000021ef9810000 - 0x0000021ef9813000 	C:\Users\hp\.openjfx\cache\21+31\amd64\api-ms-win-core-timezone-l1-1-0.dll
0x0000021ef9820000 - 0x0000021ef9823000 	C:\Users\hp\.openjfx\cache\21+31\amd64\api-ms-win-core-util-l1-1-0.dll
0x0000021ef9830000 - 0x0000021ef9833000 	C:\Users\hp\.openjfx\cache\21+31\amd64\api-ms-win-crt-conio-l1-1-0.dll
0x0000021ef9840000 - 0x0000021ef9844000 	C:\Users\hp\.openjfx\cache\21+31\amd64\api-ms-win-crt-convert-l1-1-0.dll
0x0000021ef9850000 - 0x0000021ef9853000 	C:\Users\hp\.openjfx\cache\21+31\amd64\api-ms-win-crt-environment-l1-1-0.dll
0x0000021ef9860000 - 0x0000021ef9863000 	C:\Users\hp\.openjfx\cache\21+31\amd64\api-ms-win-crt-filesystem-l1-1-0.dll
0x0000021ef9870000 - 0x0000021ef9873000 	C:\Users\hp\.openjfx\cache\21+31\amd64\api-ms-win-crt-heap-l1-1-0.dll
0x0000021ef9880000 - 0x0000021ef9883000 	C:\Users\hp\.openjfx\cache\21+31\amd64\api-ms-win-crt-locale-l1-1-0.dll
0x0000021ef9890000 - 0x0000021ef9895000 	C:\Users\hp\.openjfx\cache\21+31\amd64\api-ms-win-crt-math-l1-1-0.dll
0x0000021ef98a0000 - 0x0000021ef98a5000 	C:\Users\hp\.openjfx\cache\21+31\amd64\api-ms-win-crt-multibyte-l1-1-0.dll
0x0000021ef98b0000 - 0x0000021ef98c0000 	C:\Users\hp\.openjfx\cache\21+31\amd64\api-ms-win-crt-private-l1-1-0.dll
0x0000021ef98c0000 - 0x0000021ef98c3000 	C:\Users\hp\.openjfx\cache\21+31\amd64\api-ms-win-crt-process-l1-1-0.dll
0x0000021ef98d0000 - 0x0000021ef98d4000 	C:\Users\hp\.openjfx\cache\21+31\amd64\api-ms-win-crt-runtime-l1-1-0.dll
0x0000021ef98e0000 - 0x0000021ef98e4000 	C:\Users\hp\.openjfx\cache\21+31\amd64\api-ms-win-crt-stdio-l1-1-0.dll
0x0000021ef98f0000 - 0x0000021ef98f4000 	C:\Users\hp\.openjfx\cache\21+31\amd64\api-ms-win-crt-string-l1-1-0.dll
0x0000021ef9900000 - 0x0000021ef9903000 	C:\Users\hp\.openjfx\cache\21+31\amd64\api-ms-win-crt-time-l1-1-0.dll
0x0000021ef9910000 - 0x0000021ef9913000 	C:\Users\hp\.openjfx\cache\21+31\amd64\api-ms-win-crt-utility-l1-1-0.dll
0x00007ffe30060000 - 0x00007ffe3015c000 	C:\Users\hp\.openjfx\cache\21+31\amd64\ucrtbase.dll
0x00007ffe5a9e0000 - 0x00007ffe5a9fb000 	C:\Users\hp\.openjfx\cache\21+31\amd64\vcruntime140.dll
0x00007ffe5ddb0000 - 0x00007ffe5ddbc000 	C:\Users\hp\.openjfx\cache\21+31\amd64\vcruntime140_1.dll
0x00007ffe4f170000 - 0x00007ffe4f1fe000 	C:\Users\hp\.openjfx\cache\21+31\amd64\msvcp140.dll
0x00007ffe60f40000 - 0x00007ffe6106b000 	C:\Windows\System32\ole32.dll
0x00007ffe5b750000 - 0x00007ffe5b759000 	C:\Users\hp\.openjfx\cache\21+31\amd64\msvcp140_1.dll
0x00007ffe50b40000 - 0x00007ffe50b6f000 	C:\Users\hp\.openjfx\cache\21+31\amd64\msvcp140_2.dll
0x00007ffe50b10000 - 0x00007ffe50b3f000 	C:\Users\hp\.openjfx\cache\21+31\amd64\prism_d3d.dll
0x00007ffe4fa10000 - 0x00007ffe4fbe1000 	C:\Windows\system32\d3d9.dll
0x00007ffe5cc10000 - 0x00007ffe5cc3f000 	C:\Windows\SYSTEM32\dwmapi.dll
0x00007ffe5ca60000 - 0x00007ffe5cafe000 	C:\Windows\system32\uxtheme.dll
0x00007ffe294f0000 - 0x00007ffe2969f000 	C:\Windows\System32\DriverStore\FileRepository\iigd_dch.inf_amd64_51f685305808e3a5\igdumdim64.dll
0x00007ffe12190000 - 0x00007ffe15233000 	C:\Windows\System32\DriverStore\FileRepository\iigd_dch.inf_amd64_51f685305808e3a5\igd9dxva64.dll
0x00007ffe61980000 - 0x00007ffe61df0000 	C:\Windows\System32\SETUPAPI.dll
0x00007ffe605b0000 - 0x00007ffe605fe000 	C:\Windows\System32\cfgmgr32.dll
0x00007ffe54cd0000 - 0x00007ffe550d9000 	C:\Windows\System32\DriverStore\FileRepository\iigd_dch.inf_amd64_51f685305808e3a5\igdgmm64.dll
0x00007ffe30810000 - 0x00007ffe30852000 	C:\Users\hp\.openjfx\cache\21+31\amd64\glass.dll
0x00007ffe62870000 - 0x00007ffe6294a000 	C:\Windows\System32\COMDLG32.dll
0x00007ffe61df0000 - 0x00007ffe61f05000 	C:\Windows\System32\MSCTF.dll
0x00007ffe06d10000 - 0x00007ffe06d37000 	C:\Windows\System32\DriverStore\FileRepository\iigd_dch.inf_amd64_51f685305808e3a5\igdinfo64.dll
0x00007ffe51530000 - 0x00007ffe54cc4000 	C:\Windows\System32\DriverStore\FileRepository\iigd_dch.inf_amd64_51f685305808e3a5\igc64.dll
0x00007ffe55b20000 - 0x00007ffe55b5b000 	C:\Windows\SYSTEM32\dxcore.dll
0x00007ffe4fec0000 - 0x00007ffe4fed4000 	C:\Users\hp\.openjfx\cache\21+31\amd64\javafx_font.dll
0x00007ffe4db10000 - 0x00007ffe4dd8f000 	C:\Windows\SYSTEM32\dwrite.dll
0x00007ffe61090000 - 0x00007ffe61139000 	C:\Windows\System32\clbcatq.dll
0x00007ffe5c810000 - 0x00007ffe5c9c6000 	C:\Windows\SYSTEM32\WindowsCodecs.dll
0x00007ffe43bc0000 - 0x00007ffe43bfe000 	C:\Windows\system32\dataexchange.dll
0x00007ffe5a170000 - 0x00007ffe5a354000 	C:\Windows\system32\dcomp.dll
0x00007ffe59940000 - 0x00007ffe59ba4000 	C:\Windows\system32\d3d11.dll
0x00007ffe5e280000 - 0x00007ffe5e376000 	C:\Windows\system32\dxgi.dll
0x00007ffe580e0000 - 0x00007ffe582e3000 	C:\Windows\system32\twinapi.appcore.dll
0x00007ffe50250000 - 0x00007ffe50284000 	C:\Program Files\Common Files\Microsoft Shared\Ink\rtscom.dll
0x00007ffe505a0000 - 0x00007ffe50699000 	C:\Windows\SYSTEM32\textinputframework.dll
0x00007ffe5ac70000 - 0x00007ffe5afcb000 	C:\Windows\System32\CoreUIComponents.dll
0x00007ffe5afd0000 - 0x00007ffe5b0c2000 	C:\Windows\System32\CoreMessaging.dll
0x00007ffe5bc40000 - 0x00007ffe5bd97000 	C:\Windows\SYSTEM32\wintypes.dll
0x00007ffe5fdf0000 - 0x00007ffe5fe23000 	C:\Windows\SYSTEM32\ntmarta.dll
0x00007ffe5fe30000 - 0x00007ffe5fe48000 	C:\Windows\SYSTEM32\CRYPTSP.dll
0x00007ffe5eaa0000 - 0x00007ffe5ead8000 	C:\Windows\system32\rsaenh.dll
0x00007ffe5ffb0000 - 0x00007ffe5ffde000 	C:\Windows\SYSTEM32\USERENV.dll

dbghelp: loaded successfully - version: 4.0.5 - missing functions: none
symbol engine: initialized successfully - sym options: 0x614 - pdb path: .;C:\Program Files\Java\jdk-17\bin;C:\Windows\SYSTEM32;C:\Windows\WinSxS\amd64_microsoft.windows.common-controls_6595b64144ccf1df_6.0.19041.5915_none_60b4b9d171f9c7c7;C:\Program Files\Java\jdk-17\bin\server;C:\Users\hp\.openjfx\cache\21+31\amd64;C:\Windows\System32\DriverStore\FileRepository\iigd_dch.inf_amd64_51f685305808e3a5;C:\Program Files\Common Files\Microsoft Shared\Ink;C:\Users\hp\AppData\Local\Temp

VM Arguments:
jvm_args: --module-path=E:\cloud-load-balancer\gui-app\target\classes;C:\Users\hp\.m2\repository\org\openjfx\javafx-base\21\javafx-base-21-win.jar;C:\Users\hp\.m2\repository\org\openjfx\javafx-controls\21\javafx-controls-21-win.jar;C:\Users\hp\.m2\repository\org\openjfx\javafx-fxml\21\javafx-fxml-21-win.jar;C:\Users\hp\.m2\repository\org\openjfx\javafx-graphics\21\javafx-graphics-21-win.jar --add-modules=com.gui.app -Djdk.module.main=com.gui.app 
java_command: com.gui.app/com.gui.app.App
java_class_path (initial): C:\Users\hp\.m2\repository\org\openjfx\javafx-base\21\javafx-base-21.jar;C:\Users\hp\.m2\repository\org\openjfx\javafx-controls\21\javafx-controls-21.jar;C:\Users\hp\.m2\repository\org\openjfx\javafx-fxml\21\javafx-fxml-21.jar;C:\Users\hp\.m2\repository\org\openjfx\javafx-graphics\21\javafx-graphics-21.jar;C:\Users\hp\.m2\repository\org\xerial\sqlite-jdbc\3.40.0.0\sqlite-jdbc-3.40.0.0.jar
Launcher Type: SUN_STANDARD

[Global flags]
     intx CICompilerCount                          = 3                                         {product} {ergonomic}
     uint ConcGCThreads                            = 1                                         {product} {ergonomic}
     uint G1ConcRefinementThreads                  = 4                                         {product} {ergonomic}
   size_t G1HeapRegionSize                         = 1048576                                   {product} {ergonomic}
    uintx GCDrainStackTargetSize                   = 64                                        {product} {ergonomic}
   size_t InitialHeapSize                          = 134217728                                 {product} {ergonomic}
   size_t MarkStackSize                            = 4194304                                   {product} {ergonomic}
   size_t MaxHeapSize                              = 2124414976                                {product} {ergonomic}
   size_t MaxNewSize                               = 1274019840                                {product} {ergonomic}
   size_t MinHeapDeltaBytes                        = 1048576                                   {product} {ergonomic}
   size_t MinHeapSize                              = 8388608                                   {product} {ergonomic}
    uintx NonNMethodCodeHeapSize                   = 5832780                                {pd product} {ergonomic}
    uintx NonProfiledCodeHeapSize                  = 122912730                              {pd product} {ergonomic}
    uintx ProfiledCodeHeapSize                     = 122912730                              {pd product} {ergonomic}
    uintx ReservedCodeCacheSize                    = 251658240                              {pd product} {ergonomic}
     bool SegmentedCodeCache                       = true                                      {product} {ergonomic}
   size_t SoftMaxHeapSize                          = 2124414976                             {manageable} {ergonomic}
     bool UseCompressedClassPointers               = true                           {product lp64_product} {ergonomic}
     bool UseCompressedOops                        = true                           {product lp64_product} {ergonomic}
     bool UseG1GC                                  = true                                      {product} {ergonomic}
     bool UseLargePagesIndividualAllocation        = false                                  {pd product} {ergonomic}

Logging:
Log output configuration:
 #0: stdout all=warning uptime,level,tags
 #1: stderr all=off uptime,level,tags

Environment Variables:
JAVA_HOME=C:\Program Files\Java\jdk-17
CLASSPATH=C:\Program Files\IBM\MQ\java\lib\com.ibm.mqjms.jar;C:\Program Files\IBM\MQ\java\lib\com.ibm.mq.jar
PATH=C:\Program Files\IBM\MQ\java\lib;C:\Program Files\IBM\MQ\java\lib64;C:\Program Files\Common Files\Oracle\Java\javapath;C:\Windows\system32;C:\Windows;C:\Windows\System32\Wbem;C:\Windows\System32\WindowsPowerShell\v1.0\;C:\Windows\System32\OpenSSH\;C:\Program Files\Git\cmd;C:\Program Files\IBM\MQ\bin64;C:\Program Files\IBM\MQ\bin;C:\Program Files\IBM\MQ\tools\c\samples\bin64;C:\Program Files\IBM\MQ\tools\c\samples\bin;C:\Program Files\apache-maven-4.0.0-rc-4\bin;C:\Program Files\Kubernetes\Minikube;;C:\Program Files\Docker\Docker\resources\bin;C:\Users\hp\AppData\Local\Microsoft\WindowsApps;;C:\Program Files\JetBrains\IntelliJ IDEA Community Edition 2025.1\bin;
USERNAME=hp
OS=Windows_NT
PROCESSOR_IDENTIFIER=Intel64 Family 6 Model 142 Stepping 10, GenuineIntel



---------------  S Y S T E M  ---------------

OS:
 Windows 10 , 64 bit Build 19041 (10.0.19041.5915)
OS uptime: 3 days 20:48 hours
Hyper-V role detected

CPU: total 4 (initial active 4) (2 cores per cpu, 2 threads per core) family 6 model 142 stepping 10 microcode 0xe0, cx8, cmov, fxsr, ht, mmx, 3dnowpref, sse, sse2, sse3, ssse3, sse4.1, sse4.2, popcnt, lzcnt, tsc, tscinvbit, avx, avx2, aes, erms, clmul, bmi1, bmi2, adx, fma, vzeroupper, clflush, clflushopt, hv

Memory: 4k page, system-wide physical 8103M (864M free)
TotalPageFile size 32679M (AvailPageFile size 128M)
current process WorkingSet (physical memory assigned to process): 131M, peak: 198M
current process commit charge ("private bytes"): 295M, peak: 325M

vm_info: Java HotSpot(TM) 64-Bit Server VM (17.0.15+9-LTS-241) for windows-amd64 JRE (17.0.15+9-LTS-241), built on Feb 20 2025 10:49:54 by "mach5one" with MS VC++ 17.6 (VS2022)

END.
